<?xml version="1.0" encoding="utf-8"?>
<TestRun id="dac11821-5ff0-4317-8138-846067521c8a" name="Siza@DESKTOP-087JQB2 2026-05-03 21:40:00" runUser="DESKTOP-087JQB2\Siza" xmlns="http://microsoft.com/schemas/VisualStudio/TeamTest/2010">
  <Times creation="2026-05-03T21:40:00.2656827-03:00" queuing="2026-05-03T21:40:00.2656829-03:00" start="2026-05-03T21:39:59.0247632-03:00" finish="2026-05-03T21:40:00.4957477-03:00" />
  <TestSettings name="default" id="c0d177bc-9d35-4a21-afe5-b3e140c40be2">
    <Deployment runDeploymentRoot="Siza_DESKTOP-087JQB2_2026-05-03_21_40_00" />
  </TestSettings>
  <Results>
    <UnitTestResult executionId="8e675307-502b-4de5-baa1-0669dd392384" testId="869b7d61-18c2-02af-7a30-41f986508330" testName="MechanicLtda.Application.Tests.AuthAppServiceTests.LoginAsync_QuandoUsuarioNaoEncontrado_DeveRetornarResponseComErro" computerName="DESKTOP-087JQB2" duration="00:00:00.0004578" startTime="2026-05-03T21:40:00.2716317-03:00" endTime="2026-05-03T21:40:00.2716320-03:00" testType="13cdc9d9-ddb5-4fa4-a97d-d965ccfc6d4b" outcome="Passed" testListId="8c84fa94-04c1-424b-9868-57a2d4851a1d" relativeResultsDirectory="8e675307-502b-4de5-baa1-0669dd392384" />
    <UnitTestResult executionId="a5d37682-2605-440b-ab04-682098ff7724" testId="c5316252-ca52-2888-db4f-f9e891d4c3b3" testName="MechanicLtda.Application.Tests.ItemOrdemServicoAppServiceTests.ObterPorIdAsync_QuandoItemNaoEncontrado_DeveRetornarResponseComErro" computerName="DESKTOP-087JQB2" duration="00:00:00.0007571" startTime="2026-05-03T21:40:00.2659391-03:00" endTime="2026-05-03T21:40:00.2659392-03:00" testType="13cdc9d9-ddb5-4fa4-a97d-d965ccfc6d4b" outcome="Passed" testListId="8c84fa94-04c1-424b-9868-57a2d4851a1d" relativeResultsDirectory="a5d37682-2605-440b-ab04-682098ff7724" />
    <UnitTestResult executionId="a91328ac-76e2-4338-aa08-76170b392e29" testId="c32e3341-9899-a957-4edc-863298c6e657" testName="MechanicLtda.Application.Tests.EstoqueAppServiceTests.ReporQuantidadeAsync_QuandoServicoLancaExcecaoGenerica_DeveRetornarResponseComErro" computerName="DESKTOP-087JQB2" duration="00:00:00.0004546" startTime="2026-05-03T21:40:00.2636836-03:00" endTime="2026-05-03T21:40:00.2636837-03:00" testType="13cdc9d9-ddb5-4fa4-a97d-d965ccfc6d4b" outcome="Passed" testListId="8c84fa94-04c1-424b-9868-57a2d4851a1d" relativeResultsDirectory="a91328ac-76e2-4338-aa08-76170b392e29" />
    <UnitTestResult executionId="8d1e5af4-a465-41d0-8b29-391c29b60c85" testId="47884a3b-0c3a-d669-2d3d-61bddfba32c1" testName="MechanicLtda.Application.Tests.OrcamentoAppServiceTests.AtualizarManualAsync_DeveDefinirIdNoOrcamentoMapeado" computerName="DESKTOP-087JQB2" duration="00:00:00.0012638" startTime="2026-05-03T21:40:00.2579147-03:00" endTime="2026-05-03T21:40:00.2579147-03:00" testType="13cdc9d9-ddb5-4fa4-a97d-d965ccfc6d4b" outcome="Passed" testListId="8c84fa94-04c1-424b-9868-57a2d4851a1d" relativeResultsDirectory="8d1e5af4-a465-41d0-8b29-391c29b60c85" />
    <UnitTestResult executionId="b4ed97f8-a107-4ac4-b505-9eb8e36325eb" testId="5d2e2166-1fec-f0db-c106-43f80a3ff993" testName="MechanicLtda.Application.Tests.ClienteAppServiceTests.RemoverAsync_QuandoSucesso_DeveRetornarTrue" computerName="DESKTOP-087JQB2" duration="00:00:00.0012960" startTime="2026-05-03T21:40:00.2658079-03:00" endTime="2026-05-03T21:40:00.2658079-03:00" testType="13cdc9d9-ddb5-4fa4-a97d-d965ccfc6d4b" outcome="Passed" testListId="8c84fa94-04c1-424b-9868-57a2d4851a1d" relativeResultsDirectory="b4ed97f8-a107-4ac4-b505-9eb8e36325eb" />
    <UnitTestResult executionId="68e99d64-b40a-4ced-891f-77832c8f9f89" testId="f019eb16-5cf4-0ca3-3386-7290dc4f0841" testName="MechanicLtda.Application.Tests.UsuarioAppServiceTests.ObterTodosAsync_QuandoExistemUsuarios_DeveRetornarListaMapeada" computerName="DESKTOP-087JQB2" duration="00:00:00.0019130" startTime="2026-05-03T21:40:00.2587384-03:00" endTime="2026-05-03T21:40:00.2587384-03:00" testType="13cdc9d9-ddb5-4fa4-a97d-d965ccfc6d4b" outcome="Passed" testListId="8c84fa94-04c1-424b-9868-57a2d4851a1d" relativeResultsDirectory="68e99d64-b40a-4ced-891f-77832c8f9f89" />
    <UnitTestResult executionId="0983ef30-904c-4079-b69b-a98737b257b5" testId="b0cb6a24-1adc-760d-a404-1c4e0ffc1fde" testName="MechanicLtda.Application.Tests.OrdemServicoAppServiceTests.AguardarAprovacaoAsync_QuandoSucesso_DeveRetornarResponseSemErros" computerName="DESKTOP-087JQB2" duration="00:00:00.0008635" startTime="2026-05-03T21:40:00.2668336-03:00" endTime="2026-05-03T21:40:00.2668336-03:00" testType="13cdc9d9-ddb5-4fa4-a97d-d965ccfc6d4b" outcome="Passed" testListId="8c84fa94-04c1-424b-9868-57a2d4851a1d" relativeResultsDirectory="0983ef30-904c-4079-b69b-a98737b257b5" />
    <UnitTestResult executionId="63cbb709-db13-429d-bd1c-9c93b4bdbe77" testId="8f8f1150-0292-97ff-8c6b-f89d6abbde4e" testName="MechanicLtda.Application.Tests.OrdemServicoAppServiceTests.FinalizarAsync_QuandoOSNaoEncontrada_DeveRetornarResponseComErro" computerName="DESKTOP-087JQB2" duration="00:00:00.0003151" startTime="2026-05-03T21:40:00.2677751-03:00" endTime="2026-05-03T21:40:00.2677752-03:00" testType="13cdc9d9-ddb5-4fa4-a97d-d965ccfc6d4b" outcome="Passed" testListId="8c84fa94-04c1-424b-9868-57a2d4851a1d" relativeResultsDirectory="63cbb709-db13-429d-bd1c-9c93b4bdbe77" />
    <UnitTestResult executionId="de4bd27c-b8c0-4483-9a18-39237b121b4f" testId="45050fc4-371b-0c97-7b84-38f811561298" testName="MechanicLtda.Application.Tests.OrdemServicoAppServiceTests.AdicionarAsync_QuandoSucesso_DeveRetornarResponseSemErros" computerName="DESKTOP-087JQB2" duration="00:00:00.0015808" startTime="2026-05-03T21:40:00.2695912-03:00" endTime="2026-05-03T21:40:00.2695913-03:00" testType="13cdc9d9-ddb5-4fa4-a97d-d965ccfc6d4b" outcome="Passed" testListId="8c84fa94-04c1-424b-9868-57a2d4851a1d" relativeResultsDirectory="de4bd27c-b8c0-4483-9a18-39237b121b4f" />
    <UnitTestResult executionId="7bcdb1a6-c93e-41f2-9a80-90f0d0829bb0" testId="e01d6046-1c1e-7185-06d8-ff5a23c20f64" testName="MechanicLtda.Application.Tests.ClienteAppServiceTests.ObterPorIdAsync_QuandoClienteNaoExiste_DeveRetornarResponseComErro" computerName="DESKTOP-087JQB2" duration="00:00:00.0434722" startTime="2026-05-03T21:40:00.2204508-03:00" endTime="2026-05-03T21:40:00.2204508-03:00" testType="13cdc9d9-ddb5-4fa4-a97d-d965ccfc6d4b" outcome="Passed" testListId="8c84fa94-04c1-424b-9868-57a2d4851a1d" relativeResultsDirectory="7bcdb1a6-c93e-41f2-9a80-90f0d0829bb0" />
    <UnitTestResult executionId="a5beffd8-9cd4-47c8-a183-2f1cf53fd402" testId="fffd2f84-fe4e-e865-48b5-327e4866be9d" testName="MechanicLtda.Application.Tests.UsuarioAppServiceTests.RemoverAsync_QuandoSucesso_DeveRetornarTrue" computerName="DESKTOP-087JQB2" duration="00:00:00.0017833" startTime="2026-05-03T21:40:00.2530237-03:00" endTime="2026-05-03T21:40:00.2530238-03:00" testType="13cdc9d9-ddb5-4fa4-a97d-d965ccfc6d4b" outcome="Passed" testListId="8c84fa94-04c1-424b-9868-57a2d4851a1d" relativeResultsDirectory="a5beffd8-9cd4-47c8-a183-2f1cf53fd402" />
    <UnitTestResult executionId="0fe66bb9-56f2-4aef-8b9d-df084c1c7312" testId="65a16903-54d8-f5c2-4c8d-678d105e92e4" testName="MechanicLtda.Application.Tests.ItemOrdemServicoAppServiceTests.AtualizarAsync_QuandoItemNaoEncontrado_DeveRetornarResponseComErro" computerName="DESKTOP-087JQB2" duration="00:00:00.0008797" startTime="2026-05-03T21:40:00.2619284-03:00" endTime="2026-05-03T21:40:00.2619284-03:00" testType="13cdc9d9-ddb5-4fa4-a97d-d965ccfc6d4b" outcome="Passed" testListId="8c84fa94-04c1-424b-9868-57a2d4851a1d" relativeResultsDirectory="0fe66bb9-56f2-4aef-8b9d-df084c1c7312" />
    <UnitTestResult executionId="8c3e304b-f62b-4a01-93f4-eb11e9ae57fb" testId="de537a33-ae8c-6cbe-936a-9f6b8325491c" testName="MechanicLtda.Application.Tests.EstoqueAppServiceTests.RemoverAsync_QuandoSucesso_DeveRetornarResponseSemErros" computerName="DESKTOP-087JQB2" duration="00:00:00.0091549" startTime="2026-05-03T21:40:00.2594764-03:00" endTime="2026-05-03T21:40:00.2594764-03:00" testType="13cdc9d9-ddb5-4fa4-a97d-d965ccfc6d4b" outcome="Passed" testListId="8c84fa94-04c1-424b-9868-57a2d4851a1d" relativeResultsDirectory="8c3e304b-f62b-4a01-93f4-eb11e9ae57fb" />
    <UnitTestResult executionId="b8dbeab8-ea8c-4d43-8a69-be02180f6887" testId="427ac324-706a-e382-cbae-8303f717a44c" testName="MechanicLtda.Application.Tests.ClienteAppServiceTests.AdicionarAsync_DevePropagarlCpfCnpjParaOServicoDeDominio" computerName="DESKTOP-087JQB2" duration="00:00:00.0007024" startTime="2026-05-03T21:40:00.2627900-03:00" endTime="2026-05-03T21:40:00.2627901-03:00" testType="13cdc9d9-ddb5-4fa4-a97d-d965ccfc6d4b" outcome="Passed" testListId="8c84fa94-04c1-424b-9868-57a2d4851a1d" relativeResultsDirectory="b8dbeab8-ea8c-4d43-8a69-be02180f6887" />
    <UnitTestResult executionId="0c6eed95-1eb0-4513-a8b3-1dc580facde2" testId="60990f08-de8e-a169-6860-4f7839932271" testName="MechanicLtda.Application.Tests.VeiculoAppServiceTests.AdicionarAsync_QuandoClienteNaoEncontrado_DeveRetornarResponseComErro" computerName="DESKTOP-087JQB2" duration="00:00:00.0067512" startTime="2026-05-03T21:40:00.2522488-03:00" endTime="2026-05-03T21:40:00.2522488-03:00" testType="13cdc9d9-ddb5-4fa4-a97d-d965ccfc6d4b" outcome="Passed" testListId="8c84fa94-04c1-424b-9868-57a2d4851a1d" relativeResultsDirectory="0c6eed95-1eb0-4513-a8b3-1dc580facde2" />
    <UnitTestResult executionId="5b003c16-fd5d-4ba8-bdb6-c2453e9609b5" testId="ac8bfa11-2603-6f83-32ce-d2063f8501df" testName="MechanicLtda.Application.Tests.ItemOrdemServicoAppServiceTests.RemoverAsync_QuandoSucesso_DeveRetornarResponseSemErros" computerName="DESKTOP-087JQB2" duration="00:00:00.0022778" startTime="2026-05-03T21:40:00.2562362-03:00" endTime="2026-05-03T21:40:00.2562362-03:00" testType="13cdc9d9-ddb5-4fa4-a97d-d965ccfc6d4b" outcome="Passed" testListId="8c84fa94-04c1-424b-9868-57a2d4851a1d" relativeResultsDirectory="5b003c16-fd5d-4ba8-bdb6-c2453e9609b5" />
    <UnitTestResult executionId="104440da-4544-4b09-9dd9-4a6e49545931" testId="d7e05cfc-5274-6e18-e91e-aa28818bbc77" testName="MechanicLtda.Application.Tests.OrdemServicoAppServiceTests.ObterPorClienteIdAsync_QuandoSucesso_DeveRetornarResponseSemErros" computerName="DESKTOP-087JQB2" duration="00:00:00.0007954" startTime="2026-05-03T21:40:00.2644418-03:00" endTime="2026-05-03T21:40:00.2644418-03:00" testType="13cdc9d9-ddb5-4fa4-a97d-d965ccfc6d4b" outcome="Passed" testListId="8c84fa94-04c1-424b-9868-57a2d4851a1d" relativeResultsDirectory="104440da-4544-4b09-9dd9-4a6e49545931" />
    <UnitTestResult executionId="13d83e40-0433-453e-8fff-e9c22580eddf" testId="d546c748-ad65-c323-12e0-fb147f0b745e" testName="MechanicLtda.Application.Tests.OrdemServicoAppServiceTests.ObterPorIdAsync_QuandoOSNaoEncontrada_DeveRetornarResponseComErro" computerName="DESKTOP-087JQB2" duration="00:00:00.0004931" startTime="2026-05-03T21:40:00.2706747-03:00" endTime="2026-05-03T21:40:00.2706748-03:00" testType="13cdc9d9-ddb5-4fa4-a97d-d965ccfc6d4b" outcome="Passed" testListId="8c84fa94-04c1-424b-9868-57a2d4851a1d" relativeResultsDirectory="13d83e40-0433-453e-8fff-e9c22580eddf" />
    <UnitTestResult executionId="ee5b3e79-9d6b-4a63-8a0a-8a38026e6583" testId="3a1f4d57-4075-bb4c-b372-8dcc0a1bf506" testName="MechanicLtda.Application.Tests.OrdemServicoAppServiceTests.AtualizarAsync_QuandoOSNaoEncontrada_DeveRetornarResponseComErro" computerName="DESKTOP-087JQB2" duration="00:00:00.0080725" startTime="2026-05-03T21:40:00.2528703-03:00" endTime="2026-05-03T21:40:00.2528703-03:00" testType="13cdc9d9-ddb5-4fa4-a97d-d965ccfc6d4b" outcome="Passed" testListId="8c84fa94-04c1-424b-9868-57a2d4851a1d" relativeResultsDirectory="ee5b3e79-9d6b-4a63-8a0a-8a38026e6583" />
    <UnitTestResult executionId="8d5b19b2-358a-4e76-8d93-73ce253cef8f" testId="13d7c523-5fc6-8d3d-c4c7-48c817a21176" testName="MechanicLtda.Application.Tests.AuthAppServiceTests.AlterarSenhaAsync_QuandoExcecaoLancada_DeveRetornarResponseComErro" computerName="DESKTOP-087JQB2" duration="00:00:00.0005220" startTime="2026-05-03T21:40:00.2720298-03:00" endTime="2026-05-03T21:40:00.2720299-03:00" testType="13cdc9d9-ddb5-4fa4-a97d-d965ccfc6d4b" outcome="Passed" testListId="8c84fa94-04c1-424b-9868-57a2d4851a1d" relativeResultsDirectory="8d5b19b2-358a-4e76-8d93-73ce253cef8f" />
    <UnitTestResult executionId="00bf79fd-8b4f-404e-bad5-f947c17092c0" testId="fd9493a3-d8ba-f7b4-9279-39cbafd0407a" testName="MechanicLtda.Application.Tests.ItemOrdemServicoAppServiceTests.AtualizarAsync_QuandoSucesso_DeveRetornarResponseSemErros" computerName="DESKTOP-087JQB2" duration="00:00:00.0043880" startTime="2026-05-03T21:40:00.2548309-03:00" endTime="2026-05-03T21:40:00.2548310-03:00" testType="13cdc9d9-ddb5-4fa4-a97d-d965ccfc6d4b" outcome="Passed" testListId="8c84fa94-04c1-424b-9868-57a2d4851a1d" relativeResultsDirectory="00bf79fd-8b4f-404e-bad5-f947c17092c0" />
    <UnitTestResult executionId="fab6ea59-4121-4f9d-becc-d95726be8f55" testId="8b1e7819-2a56-e637-8fba-537343e9bef9" testName="MechanicLtda.Application.Tests.OrdemServicoAppServiceTests.AtualizarAsync_QuandoVeiculoNaoPertenceAoCliente_DeveRetornarResponseComErro" computerName="DESKTOP-087JQB2" duration="00:00:00.0007624" startTime="2026-05-03T21:40:00.2670843-03:00" endTime="2026-05-03T21:40:00.2670843-03:00" testType="13cdc9d9-ddb5-4fa4-a97d-d965ccfc6d4b" outcome="Passed" testListId="8c84fa94-04c1-424b-9868-57a2d4851a1d" relativeResultsDirectory="fab6ea59-4121-4f9d-becc-d95726be8f55" />
    <UnitTestResult executionId="351487cd-55b1-4507-83d5-f57e2fdacabd" testId="713a069e-80a6-9e40-a970-fc5c6019b7c7" testName="MechanicLtda.Application.Tests.ItemOrdemServicoAppServiceTests.ObterPorOrdemServicoIdAsync_QuandoServicoLancaExcecao_DeveRetornarResponseComErro" computerName="DESKTOP-087JQB2" duration="00:00:00.0442319" startTime="2026-05-03T21:40:00.2200522-03:00" endTime="2026-05-03T21:40:00.2200523-03:00" testType="13cdc9d9-ddb5-4fa4-a97d-d965ccfc6d4b" outcome="Passed" testListId="8c84fa94-04c1-424b-9868-57a2d4851a1d" relativeResultsDirectory="351487cd-55b1-4507-83d5-f57e2fdacabd" />
    <UnitTestResult executionId="cc0b8296-1b1e-40c8-a034-69b87e7aec8d" testId="1daf9dda-ca63-d107-77e0-f60aba437209" testName="MechanicLtda.Application.Tests.VeiculoAppServiceTests.RemoverAsync_QuandoVeiculoNaoEncontrado_DeveRetornarResponseComErro" computerName="DESKTOP-087JQB2" duration="00:00:00.0012885" startTime="2026-05-03T21:40:00.2570990-03:00" endTime="2026-05-03T21:40:00.2570990-03:00" testType="13cdc9d9-ddb5-4fa4-a97d-d965ccfc6d4b" outcome="Passed" testListId="8c84fa94-04c1-424b-9868-57a2d4851a1d" relativeResultsDirectory="cc0b8296-1b1e-40c8-a034-69b87e7aec8d" />
    <UnitTestResult executionId="7ee2f8e8-0fd7-46d5-9fa6-b7bb73a9524e" testId="4f09a4e8-383a-1c04-40ba-7028a5b42e9c" testName="MechanicLtda.Application.Tests.OrdemServicoAppServiceTests.IniciarExecucaoAsync_QuandoOSNaoEncontrada_DeveRetornarResponseComErro" computerName="DESKTOP-087JQB2" duration="00:00:00.0003838" startTime="2026-05-03T21:40:00.2682999-03:00" endTime="2026-05-03T21:40:00.2682999-03:00" testType="13cdc9d9-ddb5-4fa4-a97d-d965ccfc6d4b" outcome="Passed" testListId="8c84fa94-04c1-424b-9868-57a2d4851a1d" relativeResultsDirectory="7ee2f8e8-0fd7-46d5-9fa6-b7bb73a9524e" />
    <UnitTestResult executionId="9976162c-6da0-4dd9-a0db-6d754a990d69" testId="4442d789-86b1-e529-0dc7-0a3608f0dc72" testName="MechanicLtda.Application.Tests.ItemOrdemServicoAppServiceTests.AdicionarAsync_QuandoEstoqueSemSaldo_DeveRetornarResponseComErro" computerName="DESKTOP-087JQB2" duration="00:00:00.0008226" startTime="2026-05-03T21:40:00.2527368-03:00" endTime="2026-05-03T21:40:00.2527368-03:00" testType="13cdc9d9-ddb5-4fa4-a97d-d965ccfc6d4b" outcome="Passed" testListId="8c84fa94-04c1-424b-9868-57a2d4851a1d" relativeResultsDirectory="9976162c-6da0-4dd9-a0db-6d754a990d69" />
    <UnitTestResult executionId="ed90b886-1f76-471f-aa40-138d608bc3b5" testId="ec1f7caa-2a7f-2ba7-ef4a-c7fa15e8999a" testName="MechanicLtda.Application.Tests.ItemOrdemServicoAppServiceTests.AtualizarAsync_QuandoServicoLancaExcecaoGenerica_DeveRetornarResponseComErro" computerName="DESKTOP-087JQB2" duration="00:00:00.0006361" startTime="2026-05-03T21:40:00.2640437-03:00" endTime="2026-05-03T21:40:00.2640437-03:00" testType="13cdc9d9-ddb5-4fa4-a97d-d965ccfc6d4b" outcome="Passed" testListId="8c84fa94-04c1-424b-9868-57a2d4851a1d" relativeResultsDirectory="ed90b886-1f76-471f-aa40-138d608bc3b5" />
    <UnitTestResult executionId="b732760a-d3dd-4d7c-af75-bba87e748ba4" testId="47c0401e-d1ba-b4e6-0605-d761269f9d48" testName="MechanicLtda.Application.Tests.OrcamentoAppServiceTests.ObterPorOrdemServicoIdAsync_QuandoNaoEncontrado_DeveRetornarResponseComErro" computerName="DESKTOP-087JQB2" duration="00:00:00.0072485" startTime="2026-05-03T21:40:00.2591428-03:00" endTime="2026-05-03T21:40:00.2591428-03:00" testType="13cdc9d9-ddb5-4fa4-a97d-d965ccfc6d4b" outcome="Passed" testListId="8c84fa94-04c1-424b-9868-57a2d4851a1d" relativeResultsDirectory="b732760a-d3dd-4d7c-af75-bba87e748ba4" />
    <UnitTestResult executionId="d02b4001-bfe3-4bea-b02e-cfaf050097c3" testId="6b62625b-823d-0113-9310-f0642056f448" testName="MechanicLtda.Application.Tests.AuthAppServiceTests.RegistrarAsync_QuandoEmailDisponivel_DeveRetornarUsuarioDtoSemErros" computerName="DESKTOP-087JQB2" duration="00:00:00.0010754" startTime="2026-05-03T21:40:00.2733769-03:00" endTime="2026-05-03T21:40:00.2733769-03:00" testType="13cdc9d9-ddb5-4fa4-a97d-d965ccfc6d4b" outcome="Passed" testListId="8c84fa94-04c1-424b-9868-57a2d4851a1d" relativeResultsDirectory="d02b4001-bfe3-4bea-b02e-cfaf050097c3" />
    <UnitTestResult executionId="38770916-4cf3-4fbb-a9de-8e2757fab4c3" testId="86520e3b-cecd-2327-2290-b992425fd303" testName="MechanicLtda.Application.Tests.AuthAppServiceTests.AlterarSenhaAsync_QuandoSenhaAtualIncorreta_DeveRetornarResponseComErros" computerName="DESKTOP-087JQB2" duration="00:00:00.0025491" startTime="2026-05-03T21:40:00.2709557-03:00" endTime="2026-05-03T21:40:00.2709557-03:00" testType="13cdc9d9-ddb5-4fa4-a97d-d965ccfc6d4b" outcome="Passed" testListId="8c84fa94-04c1-424b-9868-57a2d4851a1d" relativeResultsDirectory="38770916-4cf3-4fbb-a9de-8e2757fab4c3" />
    <UnitTestResult executionId="3d182db6-962b-4036-9d1f-5689861de9bc" testId="784737c9-a87c-7b84-f83d-d1f2199c2316" testName="MechanicLtda.Application.Tests.ItemOrdemServicoAppServiceTests.AdicionarAsync_ComEstoqueId_QuandoSucesso_DeveRetornarResponseSemErros" computerName="DESKTOP-087JQB2" duration="00:00:00.0032192" startTime="2026-05-03T21:40:00.2612231-03:00" endTime="2026-05-03T21:40:00.2612231-03:00" testType="13cdc9d9-ddb5-4fa4-a97d-d965ccfc6d4b" outcome="Passed" testListId="8c84fa94-04c1-424b-9868-57a2d4851a1d" relativeResultsDirectory="3d182db6-962b-4036-9d1f-5689861de9bc" />
    <UnitTestResult executionId="afe55cb4-cc8b-4605-8d7b-18b7abc61b75" testId="4ffb62b8-d498-73ec-40ee-c9bcbab7fc93" testName="MechanicLtda.Application.Tests.OrcamentoAppServiceTests.RemoverAsync_QuandoOrcamentoNaoEncontrado_DeveRetornarResponseComErro" computerName="DESKTOP-087JQB2" duration="00:00:00.0009773" startTime="2026-05-03T21:40:00.2549592-03:00" endTime="2026-05-03T21:40:00.2549592-03:00" testType="13cdc9d9-ddb5-4fa4-a97d-d965ccfc6d4b" outcome="Passed" testListId="8c84fa94-04c1-424b-9868-57a2d4851a1d" relativeResultsDirectory="afe55cb4-cc8b-4605-8d7b-18b7abc61b75" />
    <UnitTestResult executionId="32f9f363-6992-434f-80a0-193478786c7e" testId="c90dd01d-5a48-c9ef-cafc-ee74f350007e" testName="MechanicLtda.Application.Tests.ClienteAppServiceTests.AtualizarAsync_QuandoClienteNaoEncontrado_DeveRetornarResponseComErro" computerName="DESKTOP-087JQB2" duration="00:00:00.0076921" startTime="2026-05-03T21:40:00.2539522-03:00" endTime="2026-05-03T21:40:00.2539523-03:00" testType="13cdc9d9-ddb5-4fa4-a97d-d965ccfc6d4b" outcome="Passed" testListId="8c84fa94-04c1-424b-9868-57a2d4851a1d" relativeResultsDirectory="32f9f363-6992-434f-80a0-193478786c7e" />
    <UnitTestResult executionId="485d5587-9171-49dd-bda0-03af0f5aa0da" testId="30a09b28-dc8a-f3c9-961a-eb4e06e3840a" testName="MechanicLtda.Application.Tests.AuthAppServiceTests.RegistrarAsync_QuandoEmailJaExiste_DeveRetornarResponseComErro" computerName="DESKTOP-087JQB2" duration="00:00:00.0010784" startTime="2026-05-03T21:40:00.2910737-03:00" endTime="2026-05-03T21:40:00.2910738-03:00" testType="13cdc9d9-ddb5-4fa4-a97d-d965ccfc6d4b" outcome="Passed" testListId="8c84fa94-04c1-424b-9868-57a2d4851a1d" relativeResultsDirectory="485d5587-9171-49dd-bda0-03af0f5aa0da" />
    <UnitTestResult executionId="0b3cfa2b-be6e-415a-8158-5d03a3f1e756" testId="b36a3458-75e4-b159-33d4-b4f4ed21a181" testName="MechanicLtda.Application.Tests.EstoqueAppServiceTests.ReporQuantidadeAsync_QuandoQuantidadeInvalida_DeveRetornarResponseComErro" computerName="DESKTOP-087JQB2" duration="00:00:00.0005151" startTime="2026-05-03T21:40:00.2604317-03:00" endTime="2026-05-03T21:40:00.2604318-03:00" testType="13cdc9d9-ddb5-4fa4-a97d-d965ccfc6d4b" outcome="Passed" testListId="8c84fa94-04c1-424b-9868-57a2d4851a1d" relativeResultsDirectory="0b3cfa2b-be6e-415a-8158-5d03a3f1e756" />
    <UnitTestResult executionId="7c72103e-4f71-45db-b622-ab4c0c515ed8" testId="8406f5aa-b0a6-14fa-ef7b-ae512818220e" testName="MechanicLtda.Application.Tests.AuthAppServiceTests.AlterarSenhaAsync_QuandoSucesso_DeveRetornarTrue" computerName="DESKTOP-087JQB2" duration="00:00:00.0012087" startTime="2026-05-03T21:40:00.2726317-03:00" endTime="2026-05-03T21:40:00.2726317-03:00" testType="13cdc9d9-ddb5-4fa4-a97d-d965ccfc6d4b" outcome="Passed" testListId="8c84fa94-04c1-424b-9868-57a2d4851a1d" relativeResultsDirectory="7c72103e-4f71-45db-b622-ab4c0c515ed8" />
    <UnitTestResult executionId="70e147fe-c026-44cb-8a0a-879267bc7d7d" testId="8249874d-6006-53ec-0717-eafd08e2135e" testName="MechanicLtda.Application.Tests.OrcamentoAppServiceTests.ObterPorIdAsync_QuandoNaoEncontrado_DeveRetornarResponseComErro" computerName="DESKTOP-087JQB2" duration="00:00:00.0005437" startTime="2026-05-03T21:40:00.2499649-03:00" endTime="2026-05-03T21:40:00.2499650-03:00" testType="13cdc9d9-ddb5-4fa4-a97d-d965ccfc6d4b" outcome="Passed" testListId="8c84fa94-04c1-424b-9868-57a2d4851a1d" relativeResultsDirectory="70e147fe-c026-44cb-8a0a-879267bc7d7d" />
    <UnitTestResult executionId="e34ca238-5bbf-4ba7-9e1d-d3709851dc6e" testId="3c148689-8558-18af-f4b5-8c2eab0fd125" testName="MechanicLtda.Application.Tests.OrdemServicoAppServiceTests.ObterPorClienteIdAsync_QuandoServicoLancaExcecao_DeveRetornarResponseComErro" computerName="DESKTOP-087JQB2" duration="00:00:00.0010332" startTime="2026-05-03T21:40:00.2551352-03:00" endTime="2026-05-03T21:40:00.2551353-03:00" testType="13cdc9d9-ddb5-4fa4-a97d-d965ccfc6d4b" outcome="Passed" testListId="8c84fa94-04c1-424b-9868-57a2d4851a1d" relativeResultsDirectory="e34ca238-5bbf-4ba7-9e1d-d3709851dc6e" />
    <UnitTestResult executionId="bfc8d953-9215-4e50-8372-3315397bc2d9" testId="579c961d-4d60-6e48-e3b0-2ce51b49818f" testName="MechanicLtda.Application.Tests.EstoqueAppServiceTests.ObterPorIdAsync_QuandoEstoqueAcimaDaMinima_DeveRetornarBaixoEstoqueFalse" computerName="DESKTOP-087JQB2" duration="00:00:00.0005330" startTime="2026-05-03T21:40:00.2583299-03:00" endTime="2026-05-03T21:40:00.2583299-03:00" testType="13cdc9d9-ddb5-4fa4-a97d-d965ccfc6d4b" outcome="Passed" testListId="8c84fa94-04c1-424b-9868-57a2d4851a1d" relativeResultsDirectory="bfc8d953-9215-4e50-8372-3315397bc2d9" />
    <UnitTestResult executionId="a66e0c0e-f6bf-4caf-8de5-6d1e707e8d5b" testId="01313986-3cf5-3549-d1eb-1eb36c3222a8" testName="MechanicLtda.Application.Tests.VeiculoAppServiceTests.ObterPorIdAsync_QuandoVeiculoEncontrado_DeveRetornarResponseSemErros" computerName="DESKTOP-087JQB2" duration="00:00:00.0007161" startTime="2026-05-03T21:40:00.2632210-03:00" endTime="2026-05-03T21:40:00.2632211-03:00" testType="13cdc9d9-ddb5-4fa4-a97d-d965ccfc6d4b" outcome="Passed" testListId="8c84fa94-04c1-424b-9868-57a2d4851a1d" relativeResultsDirectory="a66e0c0e-f6bf-4caf-8de5-6d1e707e8d5b" />
    <UnitTestResult executionId="d0ec5571-00b5-47e5-8675-101aece74bd2" testId="cd9cab93-87c2-745a-4c48-853bbc08fb05" testName="MechanicLtda.Application.Tests.OrdemServicoAppServiceTests.AguardarAprovacaoAsync_QuandoOSNaoEncontrada_DeveRetornarResponseComErro" computerName="DESKTOP-087JQB2" duration="00:00:00.0003633" startTime="2026-05-03T21:40:00.2686319-03:00" endTime="2026-05-03T21:40:00.2686319-03:00" testType="13cdc9d9-ddb5-4fa4-a97d-d965ccfc6d4b" outcome="Passed" testListId="8c84fa94-04c1-424b-9868-57a2d4851a1d" relativeResultsDirectory="d0ec5571-00b5-47e5-8675-101aece74bd2" />
    <UnitTestResult executionId="d4b6bdbd-8f1a-4444-8ab0-9c7c6246eb74" testId="2e69fa1f-c4df-9b1b-1ef4-8e9948973e9c" testName="MechanicLtda.Application.Tests.VeiculoAppServiceTests.AtualizarAsync_QuandoVeiculoNaoEncontrado_DeveRetornarResponseComErro" computerName="DESKTOP-087JQB2" duration="00:00:00.0007610" startTime="2026-05-03T21:40:00.2614954-03:00" endTime="2026-05-03T21:40:00.2614955-03:00" testType="13cdc9d9-ddb5-4fa4-a97d-d965ccfc6d4b" outcome="Passed" testListId="8c84fa94-04c1-424b-9868-57a2d4851a1d" relativeResultsDirectory="d4b6bdbd-8f1a-4444-8ab0-9c7c6246eb74" />
    <UnitTestResult executionId="ea8dbda6-baba-44cd-8ae1-40355a327814" testId="b6c3356c-6f84-71a7-31c6-bb1743fd7175" testName="MechanicLtda.Application.Tests.VeiculoAppServiceTests.ObterPorIdAsync_QuandoVeiculoNaoEncontrado_DeveRetornarResponseComErro" computerName="DESKTOP-087JQB2" duration="00:00:00.0008634" startTime="2026-05-03T21:40:00.2580475-03:00" endTime="2026-05-03T21:40:00.2580475-03:00" testType="13cdc9d9-ddb5-4fa4-a97d-d965ccfc6d4b" outcome="Passed" testListId="8c84fa94-04c1-424b-9868-57a2d4851a1d" relativeResultsDirectory="ea8dbda6-baba-44cd-8ae1-40355a327814" />
    <UnitTestResult executionId="c25d3f93-8205-4fde-816b-e9bd49e8724e" testId="15d9d5d0-30cd-c975-0dd4-48a6ca34cc7f" testName="MechanicLtda.Application.Tests.UsuarioAppServiceTests.ObterTodosAsync_QuandoServicoLancaExcecao_DeveRetornarResponseComErro" computerName="DESKTOP-087JQB2" duration="00:00:00.0010558" startTime="2026-05-03T21:40:00.2534967-03:00" endTime="2026-05-03T21:40:00.2534967-03:00" testType="13cdc9d9-ddb5-4fa4-a97d-d965ccfc6d4b" outcome="Passed" testListId="8c84fa94-04c1-424b-9868-57a2d4851a1d" relativeResultsDirectory="c25d3f93-8205-4fde-816b-e9bd49e8724e" />
    <UnitTestResult executionId="f703d9ad-6d21-43de-97a8-d3dde5a49b5c" testId="33316c94-d8f0-48dd-8ff3-2c8f505b4079" testName="MechanicLtda.Application.Tests.EstoqueAppServiceTests.ObterPorIdAsync_QuandoEstoqueAbaixoDaMinima_DeveRetornarBaixoEstoqueTrue" computerName="DESKTOP-087JQB2" duration="00:00:00.0003007" startTime="2026-05-03T21:40:00.2616550-03:00" endTime="2026-05-03T21:40:00.2616550-03:00" testType="13cdc9d9-ddb5-4fa4-a97d-d965ccfc6d4b" outcome="Passed" testListId="8c84fa94-04c1-424b-9868-57a2d4851a1d" relativeResultsDirectory="f703d9ad-6d21-43de-97a8-d3dde5a49b5c" />
    <UnitTestResult executionId="3b67d448-b07a-4da3-9d0d-20edb0f7d8e7" testId="ac20d4ad-721d-9d37-e2a5-5a2ff2519ee8" testName="MechanicLtda.Application.Tests.EstoqueAppServiceTests.ObterPorTipoAsync_QuandoServicoLancaExcecao_DeveRetornarResponseComErro" computerName="DESKTOP-087JQB2" duration="00:00:00.0013140" startTime="2026-05-03T21:40:00.2628586-03:00" endTime="2026-05-03T21:40:00.2628586-03:00" testType="13cdc9d9-ddb5-4fa4-a97d-d965ccfc6d4b" outcome="Passed" testListId="8c84fa94-04c1-424b-9868-57a2d4851a1d" relativeResultsDirectory="3b67d448-b07a-4da3-9d0d-20edb0f7d8e7" />
    <UnitTestResult executionId="4ea83abe-6a6e-4e53-ae48-8818600d4125" testId="2da246af-fc5f-2e6a-f13a-2c4d293ca82f" testName="MechanicLtda.Application.Tests.ClienteAppServiceTests.RemoverAsync_QuandoClienteNaoEncontrado_DeveRetornarResponseComErro" computerName="DESKTOP-087JQB2" duration="00:00:00.0005539" startTime="2026-05-03T21:40:00.2669960-03:00" endTime="2026-05-03T21:40:00.2669960-03:00" testType="13cdc9d9-ddb5-4fa4-a97d-d965ccfc6d4b" outcome="Passed" testListId="8c84fa94-04c1-424b-9868-57a2d4851a1d" relativeResultsDirectory="4ea83abe-6a6e-4e53-ae48-8818600d4125" />
    <UnitTestResult executionId="3752435b-e133-4bbb-a3c4-1ea928e56ed1" testId="9701688d-21e5-8996-14e4-6aa4688b0df8" testName="MechanicLtda.Application.Tests.VeiculoAppServiceTests.AdicionarAsync_ResponseDeveConterPlacaMapeadaCorretamente" computerName="DESKTOP-087JQB2" duration="00:00:00.0019822" startTime="2026-05-03T21:40:00.2672562-03:00" endTime="2026-05-03T21:40:00.2672562-03:00" testType="13cdc9d9-ddb5-4fa4-a97d-d965ccfc6d4b" outcome="Passed" testListId="8c84fa94-04c1-424b-9868-57a2d4851a1d" relativeResultsDirectory="3752435b-e133-4bbb-a3c4-1ea928e56ed1" />
    <UnitTestResult executionId="14c32cef-4c01-4631-b276-10ec4e155165" testId="e708fba4-5a6b-e7c1-eabc-39f181efdd62" testName="MechanicLtda.Application.Tests.OrdemServicoAppServiceTests.IniciarDiagnosticoAsync_QuandoOSNaoEncontrada_DeveRetornarResponseComErro" computerName="DESKTOP-087JQB2" duration="00:00:00.0003177" startTime="2026-05-03T21:40:00.2679651-03:00" endTime="2026-05-03T21:40:00.2679651-03:00" testType="13cdc9d9-ddb5-4fa4-a97d-d965ccfc6d4b" outcome="Passed" testListId="8c84fa94-04c1-424b-9868-57a2d4851a1d" relativeResultsDirectory="14c32cef-4c01-4631-b276-10ec4e155165" />
    <UnitTestResult executionId="ed4c3a9d-5ba0-43e5-919e-54ccc54a8e99" testId="80d36071-d11d-4540-1374-0b94451c6e6b" testName="MechanicLtda.Application.Tests.OrdemServicoAppServiceTests.RemoverAsync_QuandoSucesso_DeveRetornarResponseSemErros" computerName="DESKTOP-087JQB2" duration="00:00:00.0006591" startTime="2026-05-03T21:40:00.2681255-03:00" endTime="2026-05-03T21:40:00.2681256-03:00" testType="13cdc9d9-ddb5-4fa4-a97d-d965ccfc6d4b" outcome="Passed" testListId="8c84fa94-04c1-424b-9868-57a2d4851a1d" relativeResultsDirectory="ed4c3a9d-5ba0-43e5-919e-54ccc54a8e99" />
    <UnitTestResult executionId="01608c70-2ff6-4e0f-a9e5-3a25c32224f0" testId="2f2b615d-8718-7995-d28e-eef8af493e1b" testName="MechanicLtda.Application.Tests.ClienteAppServiceTests.ObterPorIdAsync_QuandoClienteExiste_DeveRetornarResponseSemErros" computerName="DESKTOP-087JQB2" duration="00:00:00.0028985" startTime="2026-05-03T21:40:00.2503336-03:00" endTime="2026-05-03T21:40:00.2503337-03:00" testType="13cdc9d9-ddb5-4fa4-a97d-d965ccfc6d4b" outcome="Passed" testListId="8c84fa94-04c1-424b-9868-57a2d4851a1d" relativeResultsDirectory="01608c70-2ff6-4e0f-a9e5-3a25c32224f0" />
    <UnitTestResult executionId="1e2eb6cc-59dc-4f97-bf2a-781765a9432c" testId="d7bf99ff-5bf9-6bd7-4cb5-0ac95d9c0a28" testName="MechanicLtda.Application.Tests.OrdemServicoAppServiceTests.AdicionarAsync_QuandoVeiculoNaoPertenceAoCliente_DeveRetornarResponseComErro" computerName="DESKTOP-087JQB2" duration="00:00:00.0094954" startTime="2026-05-03T21:40:00.2602920-03:00" endTime="2026-05-03T21:40:00.2602921-03:00" testType="13cdc9d9-ddb5-4fa4-a97d-d965ccfc6d4b" outcome="Passed" testListId="8c84fa94-04c1-424b-9868-57a2d4851a1d" relativeResultsDirectory="1e2eb6cc-59dc-4f97-bf2a-781765a9432c" />
    <UnitTestResult executionId="a3546de0-64d6-4050-a2e0-c8bb0d6f536d" testId="d9af4f88-f092-c8be-c258-81f8714015ff" testName="MechanicLtda.Application.Tests.OrdemServicoAppServiceTests.EntregarAsync_QuandoOSNaoEncontrada_DeveRetornarResponseComErro" computerName="DESKTOP-087JQB2" duration="00:00:00.0006385" startTime="2026-05-03T21:40:00.2625208-03:00" endTime="2026-05-03T21:40:00.2625209-03:00" testType="13cdc9d9-ddb5-4fa4-a97d-d965ccfc6d4b" outcome="Passed" testListId="8c84fa94-04c1-424b-9868-57a2d4851a1d" relativeResultsDirectory="a3546de0-64d6-4050-a2e0-c8bb0d6f536d" />
    <UnitTestResult executionId="a379caf3-da8d-42fa-bb9d-5c65e9f9e377" testId="6d95dcff-b338-7743-a01f-b7c2877beb5b" testName="MechanicLtda.Application.Tests.UsuarioAppServiceTests.AtualizarAsync_QuandoUsuarioNaoEncontrado_DeveRetornarResponseComErro" computerName="DESKTOP-087JQB2" duration="00:00:00.0514038" startTime="2026-05-03T21:40:00.2518373-03:00" endTime="2026-05-03T21:40:00.2518374-03:00" testType="13cdc9d9-ddb5-4fa4-a97d-d965ccfc6d4b" outcome="Passed" testListId="8c84fa94-04c1-424b-9868-57a2d4851a1d" relativeResultsDirectory="a379caf3-da8d-42fa-bb9d-5c65e9f9e377" />
    <UnitTestResult executionId="870f31e2-9a7b-479f-bc4e-3f852c802004" testId="b3786cb5-67e3-f49b-dd48-662d7ec10664" testName="MechanicLtda.Application.Tests.VeiculoAppServiceTests.ObterPorClienteIdAsync_QuandoSucesso_DeveRetornarResponseSemErros" computerName="DESKTOP-087JQB2" duration="00:00:00.0017022" startTime="2026-05-03T21:40:00.2660198-03:00" endTime="2026-05-03T21:40:00.2660199-03:00" testType="13cdc9d9-ddb5-4fa4-a97d-d965ccfc6d4b" outcome="Passed" testListId="8c84fa94-04c1-424b-9868-57a2d4851a1d" relativeResultsDirectory="870f31e2-9a7b-479f-bc4e-3f852c802004" />
    <UnitTestResult executionId="da1aed5f-a9bd-4744-85cb-fd350c7733e0" testId="436b9459-fcad-61ae-2064-cc49d7ef4d9e" testName="MechanicLtda.Application.Tests.OrdemServicoAppServiceTests.FinalizarAsync_QuandoStatusInvalido_DeveRetornarResponseComErro" computerName="DESKTOP-087JQB2" duration="00:00:00.0007755" startTime="2026-05-03T21:40:00.2584676-03:00" endTime="2026-05-03T21:40:00.2584677-03:00" testType="13cdc9d9-ddb5-4fa4-a97d-d965ccfc6d4b" outcome="Passed" testListId="8c84fa94-04c1-424b-9868-57a2d4851a1d" relativeResultsDirectory="da1aed5f-a9bd-4744-85cb-fd350c7733e0" />
    <UnitTestResult executionId="4ca645c6-de68-475d-8949-3d8669f9f2a9" testId="71d28799-e8ed-b2f6-f033-3cf9df047aa9" testName="MechanicLtda.Application.Tests.EstoqueAppServiceTests.AtualizarAsync_QuandoSucesso_DeveRetornarResponseSemErros" computerName="DESKTOP-087JQB2" duration="00:00:00.0012644" startTime="2026-05-03T21:40:00.2664200-03:00" endTime="2026-05-03T21:40:00.2664200-03:00" testType="13cdc9d9-ddb5-4fa4-a97d-d965ccfc6d4b" outcome="Passed" testListId="8c84fa94-04c1-424b-9868-57a2d4851a1d" relativeResultsDirectory="4ca645c6-de68-475d-8949-3d8669f9f2a9" />
    <UnitTestResult executionId="3c73254f-d85c-4cc8-b54b-fa6b71bb643d" testId="e5e7b9aa-bf91-184d-7d40-1cea165260bf" testName="MechanicLtda.Application.Tests.OrcamentoAppServiceTests.RemoverAsync_QuandoServicoLancaExcecaoGenerica_DeveRetornarResponseComErro" computerName="DESKTOP-087JQB2" duration="00:00:00.0021783" startTime="2026-05-03T21:40:00.2531737-03:00" endTime="2026-05-03T21:40:00.2531737-03:00" testType="13cdc9d9-ddb5-4fa4-a97d-d965ccfc6d4b" outcome="Passed" testListId="8c84fa94-04c1-424b-9868-57a2d4851a1d" relativeResultsDirectory="3c73254f-d85c-4cc8-b54b-fa6b71bb643d" />
    <UnitTestResult executionId="13ab3a87-8860-473b-b5bf-02f9a7d75182" testId="0e28e504-2f34-c0a6-51ab-cfa0cb6b5249" testName="MechanicLtda.Application.Tests.UsuarioAppServiceTests.AtualizarAsync_QuandoSucesso_DeveRetornarResponseSemErros" computerName="DESKTOP-087JQB2" duration="00:00:00.0010406" startTime="2026-05-03T21:40:00.2607110-03:00" endTime="2026-05-03T21:40:00.2607111-03:00" testType="13cdc9d9-ddb5-4fa4-a97d-d965ccfc6d4b" outcome="Passed" testListId="8c84fa94-04c1-424b-9868-57a2d4851a1d" relativeResultsDirectory="13ab3a87-8860-473b-b5bf-02f9a7d75182" />
    <UnitTestResult executionId="ae3d0fad-203e-46f9-a4c8-832fdf75dfb5" testId="b349a9e0-a994-89b3-0e95-421da84569ee" testName="MechanicLtda.Application.Tests.OrcamentoAppServiceTests.ObterPorOrdemServicoIdAsync_QuandoServicoLancaExcecao_DeveRetornarResponseComErro" computerName="DESKTOP-087JQB2" duration="00:00:00.0006250" startTime="2026-05-03T21:40:00.2536622-03:00" endTime="2026-05-03T21:40:00.2536622-03:00" testType="13cdc9d9-ddb5-4fa4-a97d-d965ccfc6d4b" outcome="Passed" testListId="8c84fa94-04c1-424b-9868-57a2d4851a1d" relativeResultsDirectory="ae3d0fad-203e-46f9-a4c8-832fdf75dfb5" />
    <UnitTestResult executionId="11a54a81-f4ef-4721-a185-dc9e253086e2" testId="d5600c0c-5f1e-8e6f-0f1d-a7fe848b3beb" testName="MechanicLtda.Application.Tests.OrcamentoAppServiceTests.ObterPorOrdemServicoIdAsync_QuandoEncontrado_DeveRetornarResponseSemErros" computerName="DESKTOP-087JQB2" duration="00:00:00.0027264" startTime="2026-05-03T21:40:00.2515110-03:00" endTime="2026-05-03T21:40:00.2515110-03:00" testType="13cdc9d9-ddb5-4fa4-a97d-d965ccfc6d4b" outcome="Passed" testListId="8c84fa94-04c1-424b-9868-57a2d4851a1d" relativeResultsDirectory="11a54a81-f4ef-4721-a185-dc9e253086e2" />
    <UnitTestResult executionId="67a37c97-e764-4d53-8d4c-74ffe806dbbe" testId="c68a7681-4d99-02a0-cacb-e66a698c0bd1" testName="MechanicLtda.Application.Tests.OrdemServicoAppServiceTests.FinalizarAsync_QuandoIdInvalido_DeveRetornarResponseComErro" computerName="DESKTOP-087JQB2" duration="00:00:00.0003765" startTime="2026-05-03T21:40:00.2687997-03:00" endTime="2026-05-03T21:40:00.2687997-03:00" testType="13cdc9d9-ddb5-4fa4-a97d-d965ccfc6d4b" outcome="Passed" testListId="8c84fa94-04c1-424b-9868-57a2d4851a1d" relativeResultsDirectory="67a37c97-e764-4d53-8d4c-74ffe806dbbe" />
    <UnitTestResult executionId="53fbf484-eda3-44a5-9f27-924d0bb3cd23" testId="c797f2b1-2ffc-cfb7-abbc-04c35b8b85df" testName="MechanicLtda.Application.Tests.OrdemServicoAppServiceTests.RemoverAsync_QuandoOSNaoEncontrada_DeveRetornarResponseComErro" computerName="DESKTOP-087JQB2" duration="00:00:00.0011122" startTime="2026-05-03T21:40:00.2656714-03:00" endTime="2026-05-03T21:40:00.2656715-03:00" testType="13cdc9d9-ddb5-4fa4-a97d-d965ccfc6d4b" outcome="Passed" testListId="8c84fa94-04c1-424b-9868-57a2d4851a1d" relativeResultsDirectory="53fbf484-eda3-44a5-9f27-924d0bb3cd23" />
    <UnitTestResult executionId="e92819d8-46bc-4e35-b4bb-da4b4947362a" testId="bfd1913c-bc6b-753e-966d-64894cf76119" testName="MechanicLtda.Application.Tests.ClienteAppServiceTests.AdicionarAsync_ResponseDeveConterCpfCnpjMapeadoCorretamente" computerName="DESKTOP-087JQB2" duration="00:00:00.0014742" startTime="2026-05-03T21:40:00.2666968-03:00" endTime="2026-05-03T21:40:00.2666969-03:00" testType="13cdc9d9-ddb5-4fa4-a97d-d965ccfc6d4b" outcome="Passed" testListId="8c84fa94-04c1-424b-9868-57a2d4851a1d" relativeResultsDirectory="e92819d8-46bc-4e35-b4bb-da4b4947362a" />
    <UnitTestResult executionId="6082a0b7-986e-4857-9565-50004bffaa31" testId="fa0dd275-2b82-2d5b-2dfa-d4cdc4adc305" testName="MechanicLtda.Application.Tests.VeiculoAppServiceTests.AdicionarAsync_QuandoSucesso_DeveRetornarResponseSemErros" computerName="DESKTOP-087JQB2" duration="00:00:00.0450522" startTime="2026-05-03T21:40:00.2497794-03:00" endTime="2026-05-03T21:40:00.2497794-03:00" testType="13cdc9d9-ddb5-4fa4-a97d-d965ccfc6d4b" outcome="Passed" testListId="8c84fa94-04c1-424b-9868-57a2d4851a1d" relativeResultsDirectory="6082a0b7-986e-4857-9565-50004bffaa31" />
    <UnitTestResult executionId="e1c0962a-f53e-41b4-bc38-57f0b8442928" testId="ac2ce631-049b-aac6-5fab-6d700388a33f" testName="MechanicLtda.Application.Tests.ItemOrdemServicoAppServiceTests.AdicionarAsync_QuandoServicoLancaExcecaoGenerica_DeveRetornarResponseComErro" computerName="DESKTOP-087JQB2" duration="00:00:00.0005142" startTime="2026-05-03T21:40:00.2633616-03:00" endTime="2026-05-03T21:40:00.2633616-03:00" testType="13cdc9d9-ddb5-4fa4-a97d-d965ccfc6d4b" outcome="Passed" testListId="8c84fa94-04c1-424b-9868-57a2d4851a1d" relativeResultsDirectory="e1c0962a-f53e-41b4-bc38-57f0b8442928" />
    <UnitTestResult executionId="e6409489-d3b1-4a12-8865-4ce968de39de" testId="590b65a0-05cb-b4a1-e77f-4e1a7f6fca86" testName="MechanicLtda.Application.Tests.OrdemServicoAppServiceTests.EntregarAsync_QuandoSucesso_DeveRetornarResponseSemErros" computerName="DESKTOP-087JQB2" duration="00:00:00.0029155" startTime="2026-05-03T21:40:00.2545477-03:00" endTime="2026-05-03T21:40:00.2545477-03:00" testType="13cdc9d9-ddb5-4fa4-a97d-d965ccfc6d4b" outcome="Passed" testListId="8c84fa94-04c1-424b-9868-57a2d4851a1d" relativeResultsDirectory="e6409489-d3b1-4a12-8865-4ce968de39de" />
    <UnitTestResult executionId="ff04904e-42e4-4e28-9786-cc1538fbca7d" testId="f28e5d29-4eef-279e-c206-cf3d88b7bb96" testName="MechanicLtda.Application.Tests.ClienteAppServiceTests.ObterTodosAsync_QuandoExistemClientes_DeveRetornarListaMapeada" computerName="DESKTOP-087JQB2" duration="00:00:00.0019703" startTime="2026-05-03T21:40:00.2553132-03:00" endTime="2026-05-03T21:40:00.2553132-03:00" testType="13cdc9d9-ddb5-4fa4-a97d-d965ccfc6d4b" outcome="Passed" testListId="8c84fa94-04c1-424b-9868-57a2d4851a1d" relativeResultsDirectory="ff04904e-42e4-4e28-9786-cc1538fbca7d" />
    <UnitTestResult executionId="b4201cfc-0ad4-4ba2-a5df-709f5b874207" testId="6879fd41-d411-0999-52e9-dd9885bff10f" testName="MechanicLtda.Application.Tests.OrcamentoAppServiceTests.AtualizarManualAsync_QuandoSucesso_DeveRetornarResponseSemErros" computerName="DESKTOP-087JQB2" duration="00:00:00.0009007" startTime="2026-05-03T21:40:00.2588679-03:00" endTime="2026-05-03T21:40:00.2588679-03:00" testType="13cdc9d9-ddb5-4fa4-a97d-d965ccfc6d4b" outcome="Passed" testListId="8c84fa94-04c1-424b-9868-57a2d4851a1d" relativeResultsDirectory="b4201cfc-0ad4-4ba2-a5df-709f5b874207" />
    <UnitTestResult executionId="b0ec3f6a-4755-4285-b985-4ac4b253a24e" testId="639b18a2-75e8-1d24-0f7e-dac46f205eb0" testName="MechanicLtda.Application.Tests.EstoqueAppServiceTests.ObterTodosAsync_QuandoSucesso_DeveRetornarTodosOsItens" computerName="DESKTOP-087JQB2" duration="00:00:00.0005352" startTime="2026-05-03T21:40:00.2577787-03:00" endTime="2026-05-03T21:40:00.2577787-03:00" testType="13cdc9d9-ddb5-4fa4-a97d-d965ccfc6d4b" outcome="Passed" testListId="8c84fa94-04c1-424b-9868-57a2d4851a1d" relativeResultsDirectory="b0ec3f6a-4755-4285-b985-4ac4b253a24e" />
    <UnitTestResult executionId="be3d7ff3-a1a4-48e5-ae95-57e1982dc171" testId="f453fc42-f874-0377-33ea-7ea526ddc3df" testName="MechanicLtda.Application.Tests.AuthAppServiceTests.LoginAsync_QuandoSenhaIncorreta_DeveRetornarResponseComErro" computerName="DESKTOP-087JQB2" duration="00:00:00.0006686" startTime="2026-05-03T21:40:00.2718286-03:00" endTime="2026-05-03T21:40:00.2718287-03:00" testType="13cdc9d9-ddb5-4fa4-a97d-d965ccfc6d4b" outcome="Passed" testListId="8c84fa94-04c1-424b-9868-57a2d4851a1d" relativeResultsDirectory="be3d7ff3-a1a4-48e5-ae95-57e1982dc171" />
    <UnitTestResult executionId="e45f1f91-64ee-4ffa-b49f-1b6304a067d2" testId="f38024ce-b74e-70f6-813e-c4cd8a1d98f8" testName="MechanicLtda.Application.Tests.UsuarioAppServiceTests.RemoverAsync_QuandoUsuarioNaoEncontrado_DeveRetornarResponseComErro" computerName="DESKTOP-087JQB2" duration="00:00:00.0012994" startTime="2026-05-03T21:40:00.2567014-03:00" endTime="2026-05-03T21:40:00.2567015-03:00" testType="13cdc9d9-ddb5-4fa4-a97d-d965ccfc6d4b" outcome="Passed" testListId="8c84fa94-04c1-424b-9868-57a2d4851a1d" relativeResultsDirectory="e45f1f91-64ee-4ffa-b49f-1b6304a067d2" />
    <UnitTestResult executionId="c4fed1eb-9a3a-45f5-af3f-3ecf12e594c4" testId="414d4716-c10b-3f56-dcf5-3e20e5147b3a" testName="MechanicLtda.Application.Tests.OrdemServicoAppServiceTests.IniciarExecucaoAsync_QuandoSucesso_DeveRetornarResponseSemErros" computerName="DESKTOP-087JQB2" duration="00:00:00.0005999" startTime="2026-05-03T21:40:00.2704710-03:00" endTime="2026-05-03T21:40:00.2704710-03:00" testType="13cdc9d9-ddb5-4fa4-a97d-d965ccfc6d4b" outcome="Passed" testListId="8c84fa94-04c1-424b-9868-57a2d4851a1d" relativeResultsDirectory="c4fed1eb-9a3a-45f5-af3f-3ecf12e594c4" />
    <UnitTestResult executionId="9041b09f-1420-47c8-9891-8d7649ad3f3e" testId="2763f06a-ba7e-09ae-f2fc-cc833a95b1a5" testName="MechanicLtda.Application.Tests.OrdemServicoAppServiceTests.AguardarAprovacaoAsync_QuandoIdInvalido_DeveRetornarResponseComErro" computerName="DESKTOP-087JQB2" duration="00:00:00.0003900" startTime="2026-05-03T21:40:00.2703038-03:00" endTime="2026-05-03T21:40:00.2703039-03:00" testType="13cdc9d9-ddb5-4fa4-a97d-d965ccfc6d4b" outcome="Passed" testListId="8c84fa94-04c1-424b-9868-57a2d4851a1d" relativeResultsDirectory="9041b09f-1420-47c8-9891-8d7649ad3f3e" />
    <UnitTestResult executionId="6da5d801-e469-4854-8aec-4a71c5a0e5cd" testId="fd05eb1e-ed18-92fd-b069-08521a1775b8" testName="MechanicLtda.Application.Tests.OrdemServicoAppServiceTests.AdicionarAsync_QuandoVeiculoNaoEncontrado_DeveRetornarResponseComErro" computerName="DESKTOP-087JQB2" duration="00:00:00.0008141" startTime="2026-05-03T21:40:00.2635131-03:00" endTime="2026-05-03T21:40:00.2635132-03:00" testType="13cdc9d9-ddb5-4fa4-a97d-d965ccfc6d4b" outcome="Passed" testListId="8c84fa94-04c1-424b-9868-57a2d4851a1d" relativeResultsDirectory="6da5d801-e469-4854-8aec-4a71c5a0e5cd" />
    <UnitTestResult executionId="9dfcb3ed-32c7-4cee-baf8-c0c8f3f696ae" testId="69be035a-bdb4-d763-6d3a-1f260a46b58f" testName="MechanicLtda.Application.Tests.ItemOrdemServicoAppServiceTests.ObterPorOrdemServicoIdAsync_QuandoSucesso_DeveRetornarResponseSemErros" computerName="DESKTOP-087JQB2" duration="00:00:00.0021146" startTime="2026-05-03T21:40:00.2520369-03:00" endTime="2026-05-03T21:40:00.2520369-03:00" testType="13cdc9d9-ddb5-4fa4-a97d-d965ccfc6d4b" outcome="Passed" testListId="8c84fa94-04c1-424b-9868-57a2d4851a1d" relativeResultsDirectory="9dfcb3ed-32c7-4cee-baf8-c0c8f3f696ae" />
    <UnitTestResult executionId="ab08aa86-92a9-45ad-bed8-3160eaf47637" testId="a7fcf35c-5891-0172-46d3-ef1607027e7a" testName="MechanicLtda.Application.Tests.OrdemServicoAppServiceTests.IniciarDiagnosticoAsync_QuandoSucesso_DeveRetornarResponseSemErros" computerName="DESKTOP-087JQB2" duration="00:00:00.0007056" startTime="2026-05-03T21:40:00.2684676-03:00" endTime="2026-05-03T21:40:00.2684676-03:00" testType="13cdc9d9-ddb5-4fa4-a97d-d965ccfc6d4b" outcome="Passed" testListId="8c84fa94-04c1-424b-9868-57a2d4851a1d" relativeResultsDirectory="ab08aa86-92a9-45ad-bed8-3160eaf47637" />
    <UnitTestResult executionId="f3a45b73-2e90-4ab3-b76d-4517f38dd111" testId="d5d3d4c2-3279-0ba6-0049-aff37eca05ec" testName="MechanicLtda.Application.Tests.EstoqueAppServiceTests.AdicionarAsync_QuandoSucesso_DeveRetornarResponseSemErros" computerName="DESKTOP-087JQB2" duration="00:00:00.0016865" startTime="2026-05-03T21:40:00.2613603-03:00" endTime="2026-05-03T21:40:00.2613604-03:00" testType="13cdc9d9-ddb5-4fa4-a97d-d965ccfc6d4b" outcome="Passed" testListId="8c84fa94-04c1-424b-9868-57a2d4851a1d" relativeResultsDirectory="f3a45b73-2e90-4ab3-b76d-4517f38dd111" />
    <UnitTestResult executionId="913c3688-8f1a-4472-845e-a9f3af985642" testId="8456e14c-7f05-dca1-7c57-95a851833a21" testName="MechanicLtda.Application.Tests.ItemOrdemServicoAppServiceTests.ObterPorIdAsync_QuandoItemEncontrado_DeveRetornarResponseSemErros" computerName="DESKTOP-087JQB2" duration="00:00:00.0010784" startTime="2026-05-03T21:40:00.2653470-03:00" endTime="2026-05-03T21:40:00.2653470-03:00" testType="13cdc9d9-ddb5-4fa4-a97d-d965ccfc6d4b" outcome="Passed" testListId="8c84fa94-04c1-424b-9868-57a2d4851a1d" relativeResultsDirectory="913c3688-8f1a-4472-845e-a9f3af985642" />
    <UnitTestResult executionId="c8f41564-d2e7-45ad-8abb-75ccd34be883" testId="b4dd6795-6cfd-bd86-034f-b400766180a2" testName="MechanicLtda.Application.Tests.AuthAppServiceTests.RegistrarAsync_QuandoExcecaoLancada_DeveRetornarResponseComErro" computerName="DESKTOP-087JQB2" duration="00:00:00.0005331" startTime="2026-05-03T21:40:00.2728226-03:00" endTime="2026-05-03T21:40:00.2728227-03:00" testType="13cdc9d9-ddb5-4fa4-a97d-d965ccfc6d4b" outcome="Passed" testListId="8c84fa94-04c1-424b-9868-57a2d4851a1d" relativeResultsDirectory="c8f41564-d2e7-45ad-8abb-75ccd34be883" />
    <UnitTestResult executionId="13f8ce13-bff0-4a4f-962e-ae87523b1304" testId="7c66203a-f361-f8e4-e685-b57bc9353dd5" testName="MechanicLtda.Application.Tests.OrcamentoAppServiceTests.AtualizarManualAsync_QuandoOrcamentoNaoEncontrado_DeveRetornarResponseComErro" computerName="DESKTOP-087JQB2" duration="00:00:00.0013453" startTime="2026-05-03T21:40:00.2542205-03:00" endTime="2026-05-03T21:40:00.2542206-03:00" testType="13cdc9d9-ddb5-4fa4-a97d-d965ccfc6d4b" outcome="Passed" testListId="8c84fa94-04c1-424b-9868-57a2d4851a1d" relativeResultsDirectory="13f8ce13-bff0-4a4f-962e-ae87523b1304" />
    <UnitTestResult executionId="9d195fa0-b12c-40ae-b8eb-7a69b99a63a2" testId="32d1f85a-ea60-d8a0-0e4f-77db802d4155" testName="MechanicLtda.Application.Tests.ClienteAppServiceTests.AdicionarAsync_QuandoSucesso_DeveRetornarResponseSemErros" computerName="DESKTOP-087JQB2" duration="00:00:00.0024302" startTime="2026-05-03T21:40:00.2622316-03:00" endTime="2026-05-03T21:40:00.2622316-03:00" testType="13cdc9d9-ddb5-4fa4-a97d-d965ccfc6d4b" outcome="Passed" testListId="8c84fa94-04c1-424b-9868-57a2d4851a1d" relativeResultsDirectory="9d195fa0-b12c-40ae-b8eb-7a69b99a63a2" />
    <UnitTestResult executionId="659d4b13-97c1-4cc0-b587-8a194a6152b8" testId="c3e23f9d-2549-6c7d-24a0-c0b19bdd6ba4" testName="MechanicLtda.Application.Tests.OrdemServicoAppServiceTests.IniciarExecucaoAsync_QuandoStatusInvalido_DeveRetornarResponseComErro" computerName="DESKTOP-087JQB2" duration="00:00:00.0003055" startTime="2026-05-03T21:40:00.2689771-03:00" endTime="2026-05-03T21:40:00.2689772-03:00" testType="13cdc9d9-ddb5-4fa4-a97d-d965ccfc6d4b" outcome="Passed" testListId="8c84fa94-04c1-424b-9868-57a2d4851a1d" relativeResultsDirectory="659d4b13-97c1-4cc0-b587-8a194a6152b8" />
    <UnitTestResult executionId="c2239d01-19dd-45f3-b6cb-58ab6c446ad5" testId="74473612-faf1-e90f-e893-8bf9d6afc7f3" testName="MechanicLtda.Application.Tests.OrdemServicoAppServiceTests.AtualizarAsync_QuandoSucesso_DeveRetornarResponseSemErros" computerName="DESKTOP-087JQB2" duration="00:00:00.0009396" startTime="2026-05-03T21:40:00.2699469-03:00" endTime="2026-05-03T21:40:00.2699469-03:00" testType="13cdc9d9-ddb5-4fa4-a97d-d965ccfc6d4b" outcome="Passed" testListId="8c84fa94-04c1-424b-9868-57a2d4851a1d" relativeResultsDirectory="c2239d01-19dd-45f3-b6cb-58ab6c446ad5" />
    <UnitTestResult executionId="43408bd0-c6c4-4ba0-be11-e666a150ce92" testId="15650bd3-01fc-e2ec-4e23-2b981c924ebd" testName="MechanicLtda.Application.Tests.VeiculoAppServiceTests.RemoverAsync_QuandoSucesso_DeveRetornarResponseSemErros" computerName="DESKTOP-087JQB2" duration="00:00:00.0006753" startTime="2026-05-03T21:40:00.2650059-03:00" endTime="2026-05-03T21:40:00.2650059-03:00" testType="13cdc9d9-ddb5-4fa4-a97d-d965ccfc6d4b" outcome="Passed" testListId="8c84fa94-04c1-424b-9868-57a2d4851a1d" relativeResultsDirectory="43408bd0-c6c4-4ba0-be11-e666a150ce92" />
    <UnitTestResult executionId="100df0a1-8e51-44fa-bbc2-0f59e784ef0b" testId="1b5e71c2-7fbc-010f-cece-5ca40e4cff2b" testName="MechanicLtda.Application.Tests.OrdemServicoAppServiceTests.ObterPorIdAsync_QuandoOSEncontrada_DeveRetornarResponseSemErros" computerName="DESKTOP-087JQB2" duration="00:00:00.0011836" startTime="2026-05-03T21:40:00.2663453-03:00" endTime="2026-05-03T21:40:00.2663453-03:00" testType="13cdc9d9-ddb5-4fa4-a97d-d965ccfc6d4b" outcome="Passed" testListId="8c84fa94-04c1-424b-9868-57a2d4851a1d" relativeResultsDirectory="100df0a1-8e51-44fa-bbc2-0f59e784ef0b" />
    <UnitTestResult executionId="47f5ae55-4ae1-4544-a3d2-fc24f7fdb105" testId="93889ad8-ad43-9622-cb65-1d44b7618c22" testName="MechanicLtda.Application.Tests.EstoqueAppServiceTests.RemoverAsync_QuandoServicoLancaExcecaoGenerica_DeveRetornarResponseComErro" computerName="DESKTOP-087JQB2" duration="00:00:00.0003517" startTime="2026-05-03T21:40:00.2648705-03:00" endTime="2026-05-03T21:40:00.2648706-03:00" testType="13cdc9d9-ddb5-4fa4-a97d-d965ccfc6d4b" outcome="Passed" testListId="8c84fa94-04c1-424b-9868-57a2d4851a1d" relativeResultsDirectory="47f5ae55-4ae1-4544-a3d2-fc24f7fdb105" />
    <UnitTestResult executionId="d6776c31-709f-44ed-bb20-c8f333f7eb81" testId="b5bec159-ed58-61eb-b925-26513318c377" testName="MechanicLtda.Application.Tests.VeiculoAppServiceTests.AdicionarAsync_DevePropagarPlacaParaOServicoDeDominio" computerName="DESKTOP-087JQB2" duration="00:00:00.0026538" startTime="2026-05-03T21:40:00.2538206-03:00" endTime="2026-05-03T21:40:00.2538206-03:00" testType="13cdc9d9-ddb5-4fa4-a97d-d965ccfc6d4b" outcome="Passed" testListId="8c84fa94-04c1-424b-9868-57a2d4851a1d" relativeResultsDirectory="d6776c31-709f-44ed-bb20-c8f333f7eb81" />
    <UnitTestResult executionId="31486756-c03b-42e3-8ff5-4764f7b7bdf9" testId="121e81a5-93f6-c2a9-b772-e321fcc40941" testName="MechanicLtda.Application.Tests.EstoqueAppServiceTests.ObterPorIdAsync_QuandoEncontrado_DeveRetornarResponseSemErros" computerName="DESKTOP-087JQB2" duration="00:00:00.0037424" startTime="2026-05-03T21:40:00.2516149-03:00" endTime="2026-05-03T21:40:00.2516149-03:00" testType="13cdc9d9-ddb5-4fa4-a97d-d965ccfc6d4b" outcome="Passed" testListId="8c84fa94-04c1-424b-9868-57a2d4851a1d" relativeResultsDirectory="31486756-c03b-42e3-8ff5-4764f7b7bdf9" />
    <UnitTestResult executionId="60662c44-562f-4b22-8863-d0f741c9c317" testId="1d794a75-3e7b-a06e-9b89-963ee726c248" testName="MechanicLtda.Application.Tests.AuthAppServiceTests.LoginAsync_QuandoUsuarioInativo_DeveRetornarResponseComErro" computerName="DESKTOP-087JQB2" duration="00:00:00.0913743" startTime="2026-05-03T21:40:00.2707661-03:00" endTime="2026-05-03T21:40:00.2707661-03:00" testType="13cdc9d9-ddb5-4fa4-a97d-d965ccfc6d4b" outcome="Passed" testListId="8c84fa94-04c1-424b-9868-57a2d4851a1d" relativeResultsDirectory="60662c44-562f-4b22-8863-d0f741c9c317" />
    <UnitTestResult executionId="dc203c51-64be-48d9-b420-1ed46f0f103f" testId="15ab6aa3-0222-2f98-b828-7685b019e45f" testName="MechanicLtda.Application.Tests.OrdemServicoAppServiceTests.ObterTodosAsync_QuandoSucesso_DeveRetornarResponseSemErros" computerName="DESKTOP-087JQB2" duration="00:00:00.0013729" startTime="2026-05-03T21:40:00.2617903-03:00" endTime="2026-05-03T21:40:00.2617904-03:00" testType="13cdc9d9-ddb5-4fa4-a97d-d965ccfc6d4b" outcome="Passed" testListId="8c84fa94-04c1-424b-9868-57a2d4851a1d" relativeResultsDirectory="dc203c51-64be-48d9-b420-1ed46f0f103f" />
    <UnitTestResult executionId="b2339727-bb09-4f22-98dd-ec00bcc1af76" testId="50a75b11-6a0b-f2fa-1c49-7fc9583215fb" testName="MechanicLtda.Application.Tests.ClienteAppServiceTests.AdicionarAsync_ComCnpj_DevePropagarlCnpjParaOServicoDeDominio" computerName="DESKTOP-087JQB2" duration="00:00:00.0014655" startTime="2026-05-03T21:40:00.2586032-03:00" endTime="2026-05-03T21:40:00.2586032-03:00" testType="13cdc9d9-ddb5-4fa4-a97d-d965ccfc6d4b" outcome="Passed" testListId="8c84fa94-04c1-424b-9868-57a2d4851a1d" relativeResultsDirectory="b2339727-bb09-4f22-98dd-ec00bcc1af76" />
    <UnitTestResult executionId="6eb59598-d181-4890-9ee4-d9e4804b4ea4" testId="35570e7b-dceb-2a3b-c73c-647675af3f5e" testName="MechanicLtda.Application.Tests.OrcamentoAppServiceTests.ObterPorIdAsync_QuandoServicoLancaExcecao_DeveRetornarResponseComErro" computerName="DESKTOP-087JQB2" duration="00:00:00.0442454" startTime="2026-05-03T21:40:00.2205747-03:00" endTime="2026-05-03T21:40:00.2205748-03:00" testType="13cdc9d9-ddb5-4fa4-a97d-d965ccfc6d4b" outcome="Passed" testListId="8c84fa94-04c1-424b-9868-57a2d4851a1d" relativeResultsDirectory="6eb59598-d181-4890-9ee4-d9e4804b4ea4" />
    <UnitTestResult executionId="13a5f337-1070-4feb-ab3e-93df547c8fc8" testId="37d41746-579a-b954-195c-33aa0e543b7a" testName="MechanicLtda.Application.Tests.ClienteAppServiceTests.AtualizarAsync_DevePropagarlCpfCnpjAtualizadoParaOServicoDeDominio" computerName="DESKTOP-087JQB2" duration="00:00:00.0087847" startTime="2026-05-03T21:40:00.2598394-03:00" endTime="2026-05-03T21:40:00.2598394-03:00" testType="13cdc9d9-ddb5-4fa4-a97d-d965ccfc6d4b" outcome="Passed" testListId="8c84fa94-04c1-424b-9868-57a2d4851a1d" relativeResultsDirectory="13a5f337-1070-4feb-ab3e-93df547c8fc8" />
    <UnitTestResult executionId="a5713f61-89c9-4695-8b25-a1f527552645" testId="de74ed74-4e6f-0668-2314-398525a81e96" testName="MechanicLtda.Application.Tests.ItemOrdemServicoAppServiceTests.RemoverAsync_QuandoItemNaoEncontrado_DeveRetornarResponseComErro" computerName="DESKTOP-087JQB2" duration="00:00:00.0005428" startTime="2026-05-03T21:40:00.2626562-03:00" endTime="2026-05-03T21:40:00.2626562-03:00" testType="13cdc9d9-ddb5-4fa4-a97d-d965ccfc6d4b" outcome="Passed" testListId="8c84fa94-04c1-424b-9868-57a2d4851a1d" relativeResultsDirectory="a5713f61-89c9-4695-8b25-a1f527552645" />
    <UnitTestResult executionId="119c78db-7a20-47d8-a46c-902d2cca7a3a" testId="12503620-1fe1-0046-4bd6-aa6ac884e274" testName="MechanicLtda.Application.Tests.EstoqueAppServiceTests.AtualizarAsync_QuandoEstoqueNaoEncontrado_DeveRetornarResponseComErro" computerName="DESKTOP-087JQB2" duration="00:00:00.0433872" startTime="2026-05-03T21:40:00.2206780-03:00" endTime="2026-05-03T21:40:00.2206781-03:00" testType="13cdc9d9-ddb5-4fa4-a97d-d965ccfc6d4b" outcome="Passed" testListId="8c84fa94-04c1-424b-9868-57a2d4851a1d" relativeResultsDirectory="119c78db-7a20-47d8-a46c-902d2cca7a3a" />
    <UnitTestResult executionId="90a8eb49-da29-43f9-9254-9677b1697c5e" testId="b8268fd8-8a8b-103e-22d4-5036ba471aff" testName="MechanicLtda.Application.Tests.AuthAppServiceTests.RegistrarAsync_QuandoCreateFalha_DeveRetornarResponseComErrosDeIdentity" computerName="DESKTOP-087JQB2" duration="00:00:00.0017088" startTime="2026-05-03T21:40:00.2722618-03:00" endTime="2026-05-03T21:40:00.2722618-03:00" testType="13cdc9d9-ddb5-4fa4-a97d-d965ccfc6d4b" outcome="Passed" testListId="8c84fa94-04c1-424b-9868-57a2d4851a1d" relativeResultsDirectory="90a8eb49-da29-43f9-9254-9677b1697c5e" />
    <UnitTestResult executionId="1d0f7534-4dcc-49e3-b4df-d0c7c98d1b3d" testId="30e8cac2-148d-df78-568c-e03f669c1241" testName="MechanicLtda.Application.Tests.EstoqueAppServiceTests.AtualizarAsync_DeveAtribuirIdCorretoNaEntidade" computerName="DESKTOP-087JQB2" duration="00:00:00.0026077" startTime="2026-05-03T21:40:00.2526002-03:00" endTime="2026-05-03T21:40:00.2526003-03:00" testType="13cdc9d9-ddb5-4fa4-a97d-d965ccfc6d4b" outcome="Passed" testListId="8c84fa94-04c1-424b-9868-57a2d4851a1d" relativeResultsDirectory="1d0f7534-4dcc-49e3-b4df-d0c7c98d1b3d" />
    <UnitTestResult executionId="e011589e-84cc-4deb-b792-1a78622d3f1e" testId="7c3f04fa-bd1d-9ca1-1922-c64ddd50f614" testName="MechanicLtda.Application.Tests.OrdemServicoAppServiceTests.ObterTodosAsync_QuandoServicoLancaExcecao_DeveRetornarResponseComErro" computerName="DESKTOP-087JQB2" duration="00:00:00.0003735" startTime="2026-05-03T21:40:00.2697804-03:00" endTime="2026-05-03T21:40:00.2697804-03:00" testType="13cdc9d9-ddb5-4fa4-a97d-d965ccfc6d4b" outcome="Passed" testListId="8c84fa94-04c1-424b-9868-57a2d4851a1d" relativeResultsDirectory="e011589e-84cc-4deb-b792-1a78622d3f1e" />
    <UnitTestResult executionId="a3a37f05-9184-4534-8d66-4297768a5a0f" testId="c9aacb76-e1f1-6b7d-a8ff-ef963e588d7c" testName="MechanicLtda.Application.Tests.OrdemServicoAppServiceTests.IniciarDiagnosticoAsync_QuandoStatusInvalido_DeveRetornarResponseComErro" computerName="DESKTOP-087JQB2" duration="00:00:00.0007083" startTime="2026-05-03T21:40:00.2673501-03:00" endTime="2026-05-03T21:40:00.2673501-03:00" testType="13cdc9d9-ddb5-4fa4-a97d-d965ccfc6d4b" outcome="Passed" testListId="8c84fa94-04c1-424b-9868-57a2d4851a1d" relativeResultsDirectory="a3a37f05-9184-4534-8d66-4297768a5a0f" />
    <UnitTestResult executionId="600cc290-7760-4357-b434-8dec1e53a1f6" testId="b9be886a-8737-7896-d7ec-1ffbddee76f0" testName="MechanicLtda.Application.Tests.EstoqueAppServiceTests.ReporQuantidadeAsync_QuandoSucesso_DeveRetornarResponseSemErros" computerName="DESKTOP-087JQB2" duration="00:00:00.0004126" startTime="2026-05-03T21:40:00.2638333-03:00" endTime="2026-05-03T21:40:00.2638333-03:00" testType="13cdc9d9-ddb5-4fa4-a97d-d965ccfc6d4b" outcome="Passed" testListId="8c84fa94-04c1-424b-9868-57a2d4851a1d" relativeResultsDirectory="600cc290-7760-4357-b434-8dec1e53a1f6" />
    <UnitTestResult executionId="4214fad8-31dc-4898-9f62-f19134644723" testId="a7ac6dd3-25a7-2a89-4b6a-ad8d83b6f644" testName="MechanicLtda.Application.Tests.AuthAppServiceTests.AlterarSenhaAsync_QuandoUsuarioNaoEncontrado_DeveRetornarResponseComErro" computerName="DESKTOP-087JQB2" duration="00:00:00.0009568" startTime="2026-05-03T21:40:00.2714089-03:00" endTime="2026-05-03T21:40:00.2714089-03:00" testType="13cdc9d9-ddb5-4fa4-a97d-d965ccfc6d4b" outcome="Passed" testListId="8c84fa94-04c1-424b-9868-57a2d4851a1d" relativeResultsDirectory="4214fad8-31dc-4898-9f62-f19134644723" />
    <UnitTestResult executionId="2fcf2732-c084-4dfd-b4ce-3db34366dd8c" testId="51afc828-5aab-0d7b-acf5-584f8385bcbd" testName="MechanicLtda.Application.Tests.VeiculoAppServiceTests.ObterTodosAsync_QuandoServicoLancaExcecao_DeveRetornarResponseComErro" computerName="DESKTOP-087JQB2" duration="00:00:00.0005049" startTime="2026-05-03T21:40:00.2595610-03:00" endTime="2026-05-03T21:40:00.2595611-03:00" testType="13cdc9d9-ddb5-4fa4-a97d-d965ccfc6d4b" outcome="Passed" testListId="8c84fa94-04c1-424b-9868-57a2d4851a1d" relativeResultsDirectory="2fcf2732-c084-4dfd-b4ce-3db34366dd8c" />
    <UnitTestResult executionId="29cd304a-e0c8-40ea-a28d-be06239c8d6b" testId="203a659c-8dd5-3d22-dc7c-0c75461d4590" testName="MechanicLtda.Application.Tests.EstoqueAppServiceTests.ObterPorIdAsync_QuandoNaoEncontrado_DeveRetornarResponseComErro" computerName="DESKTOP-087JQB2" duration="00:00:00.0003232" startTime="2026-05-03T21:40:00.2666236-03:00" endTime="2026-05-03T21:40:00.2666237-03:00" testType="13cdc9d9-ddb5-4fa4-a97d-d965ccfc6d4b" outcome="Passed" testListId="8c84fa94-04c1-424b-9868-57a2d4851a1d" relativeResultsDirectory="29cd304a-e0c8-40ea-a28d-be06239c8d6b" />
    <UnitTestResult executionId="73b797f1-2e30-4fbf-9eac-ecc56053b996" testId="41310004-86c0-f7bb-4961-c4759469a3a9" testName="MechanicLtda.Application.Tests.VeiculoAppServiceTests.ObterPorClienteIdAsync_QuandoServicoLancaExcecao_DeveRetornarResponseComErro" computerName="DESKTOP-087JQB2" duration="00:00:00.0007027" startTime="2026-05-03T21:40:00.2639739-03:00" endTime="2026-05-03T21:40:00.2639740-03:00" testType="13cdc9d9-ddb5-4fa4-a97d-d965ccfc6d4b" outcome="Passed" testListId="8c84fa94-04c1-424b-9868-57a2d4851a1d" relativeResultsDirectory="73b797f1-2e30-4fbf-9eac-ecc56053b996" />
    <UnitTestResult executionId="30762003-cb0c-44eb-8ed4-c5a992001626" testId="c5c66173-84a3-381c-9eeb-7e2846de61d3" testName="MechanicLtda.Application.Tests.OrcamentoAppServiceTests.ObterPorIdAsync_QuandoEncontrado_DeveRetornarResponseSemErros" computerName="DESKTOP-087JQB2" duration="00:00:00.0014474" startTime="2026-05-03T21:40:00.2501860-03:00" endTime="2026-05-03T21:40:00.2501861-03:00" testType="13cdc9d9-ddb5-4fa4-a97d-d965ccfc6d4b" outcome="Passed" testListId="8c84fa94-04c1-424b-9868-57a2d4851a1d" relativeResultsDirectory="30762003-cb0c-44eb-8ed4-c5a992001626" />
    <UnitTestResult executionId="29a3ebcf-696d-42e1-a240-b9eaa93b56da" testId="39fd7ebd-f26b-de98-1070-2c8337e50a03" testName="MechanicLtda.Application.Tests.ItemOrdemServicoAppServiceTests.AdicionarAsync_QuandoSucesso_DeveRetornarResponseSemErros" computerName="DESKTOP-087JQB2" duration="00:00:00.0089663" startTime="2026-05-03T21:40:00.2592132-03:00" endTime="2026-05-03T21:40:00.2592132-03:00" testType="13cdc9d9-ddb5-4fa4-a97d-d965ccfc6d4b" outcome="Passed" testListId="8c84fa94-04c1-424b-9868-57a2d4851a1d" relativeResultsDirectory="29a3ebcf-696d-42e1-a240-b9eaa93b56da" />
    <UnitTestResult executionId="572642a0-f79b-4230-976d-de7a55f33ef1" testId="e4581901-f175-e965-6863-8786575285f1" testName="MechanicLtda.Application.Tests.OrdemServicoAppServiceTests.FinalizarAsync_QuandoSucesso_DeveRetornarResponseSemErros" computerName="DESKTOP-087JQB2" duration="00:00:00.0008923" startTime="2026-05-03T21:40:00.2607837-03:00" endTime="2026-05-03T21:40:00.2607837-03:00" testType="13cdc9d9-ddb5-4fa4-a97d-d965ccfc6d4b" outcome="Passed" testListId="8c84fa94-04c1-424b-9868-57a2d4851a1d" relativeResultsDirectory="572642a0-f79b-4230-976d-de7a55f33ef1" />
    <UnitTestResult executionId="010d37d8-5bc8-4646-b611-28bac70a4d08" testId="0758da30-a207-165f-67f2-6458d69c655d" testName="MechanicLtda.Application.Tests.OrdemServicoAppServiceTests.EntregarAsync_QuandoStatusInvalido_DeveRetornarResponseComErro" computerName="DESKTOP-087JQB2" duration="00:00:00.0003327" startTime="2026-05-03T21:40:00.2701260-03:00" endTime="2026-05-03T21:40:00.2701260-03:00" testType="13cdc9d9-ddb5-4fa4-a97d-d965ccfc6d4b" outcome="Passed" testListId="8c84fa94-04c1-424b-9868-57a2d4851a1d" relativeResultsDirectory="010d37d8-5bc8-4646-b611-28bac70a4d08" />
    <UnitTestResult executionId="710c4d22-4829-4f3f-aa3a-e85b9a734916" testId="892349d9-6d48-f707-3978-2ec5412d2715" testName="MechanicLtda.Application.Tests.UsuarioAppServiceTests.AdicionarAsync_QuandoServicoLancaExcecao_DeveRetornarResponseComErro" computerName="DESKTOP-087JQB2" duration="00:00:00.0085635" startTime="2026-05-03T21:40:00.2597684-03:00" endTime="2026-05-03T21:40:00.2597684-03:00" testType="13cdc9d9-ddb5-4fa4-a97d-d965ccfc6d4b" outcome="Passed" testListId="8c84fa94-04c1-424b-9868-57a2d4851a1d" relativeResultsDirectory="710c4d22-4829-4f3f-aa3a-e85b9a734916" />
    <UnitTestResult executionId="7ecda60a-2a01-46ca-bd6b-b3af5c3aa428" testId="a29ad564-7b5a-8126-7b6e-a58dc6c4e613" testName="MechanicLtda.Application.Tests.ClienteAppServiceTests.AdicionarAsync_QuandoEmailJaCadastrado_DeveRetornarResponseComErro" computerName="DESKTOP-087JQB2" duration="00:00:00.0021677" startTime="2026-05-03T21:40:00.2570082-03:00" endTime="2026-05-03T21:40:00.2570082-03:00" testType="13cdc9d9-ddb5-4fa4-a97d-d965ccfc6d4b" outcome="Passed" testListId="8c84fa94-04c1-424b-9868-57a2d4851a1d" relativeResultsDirectory="7ecda60a-2a01-46ca-bd6b-b3af5c3aa428" />
    <UnitTestResult executionId="0bd64810-a977-4fba-8a2a-5dc5eebd7058" testId="c8b91cee-8494-0b25-f7e9-ac93e9aaa193" testName="MechanicLtda.Application.Tests.AuthAppServiceTests.LoginAsync_QuandoCredenciaisValidas_DeveRetornarTokenSemErros" computerName="DESKTOP-087JQB2" duration="00:00:00.0199810" startTime="2026-05-03T21:40:00.2899410-03:00" endTime="2026-05-03T21:40:00.2899412-03:00" testType="13cdc9d9-ddb5-4fa4-a97d-d965ccfc6d4b" outcome="Passed" testListId="8c84fa94-04c1-424b-9868-57a2d4851a1d" relativeResultsDirectory="0bd64810-a977-4fba-8a2a-5dc5eebd7058" />
    <UnitTestResult executionId="0a7ba7a7-24e8-4534-acaa-abffd1de109a" testId="3e1d2261-cf62-becf-c78c-6200ba950674" testName="MechanicLtda.Application.Tests.UsuarioAppServiceTests.AdicionarAsync_QuandoSucesso_DeveRetornarResponseSemErros" computerName="DESKTOP-087JQB2" duration="00:00:00.0036563" startTime="2026-05-03T21:40:00.2558022-03:00" endTime="2026-05-03T21:40:00.2558022-03:00" testType="13cdc9d9-ddb5-4fa4-a97d-d965ccfc6d4b" outcome="Passed" testListId="8c84fa94-04c1-424b-9868-57a2d4851a1d" relativeResultsDirectory="0a7ba7a7-24e8-4534-acaa-abffd1de109a" />
    <UnitTestResult executionId="34bb5aa6-3bc2-45af-a140-aa713f9542b1" testId="ed1607ae-96cc-2cdb-426c-9311af6057e1" testName="MechanicLtda.Application.Tests.EstoqueAppServiceTests.ObterTodosAsync_QuandoServicoLancaExcecao_DeveRetornarResponseComErro" computerName="DESKTOP-087JQB2" duration="00:00:00.0015127" startTime="2026-05-03T21:40:00.2556644-03:00" endTime="2026-05-03T21:40:00.2556645-03:00" testType="13cdc9d9-ddb5-4fa4-a97d-d965ccfc6d4b" outcome="Passed" testListId="8c84fa94-04c1-424b-9868-57a2d4851a1d" relativeResultsDirectory="34bb5aa6-3bc2-45af-a140-aa713f9542b1" />
    <UnitTestResult executionId="039033f8-063a-43a5-94cf-358191760393" testId="9d3d006c-585d-4858-15fa-b3e2aa500e2e" testName="MechanicLtda.Application.Tests.OrcamentoAppServiceTests.AtualizarManualAsync_QuandoServicoLancaExcecaoGenerica_DeveRetornarResponseComErro" computerName="DESKTOP-087JQB2" duration="00:00:00.0018195" startTime="2026-05-03T21:40:00.2519735-03:00" endTime="2026-05-03T21:40:00.2519736-03:00" testType="13cdc9d9-ddb5-4fa4-a97d-d965ccfc6d4b" outcome="Passed" testListId="8c84fa94-04c1-424b-9868-57a2d4851a1d" relativeResultsDirectory="039033f8-063a-43a5-94cf-358191760393" />
    <UnitTestResult executionId="30813e59-6378-4ee9-a15a-9afab2d34d95" testId="0e80905b-7db7-3122-09f9-267628885d3d" testName="MechanicLtda.Application.Tests.VeiculoAppServiceTests.ObterTodosAsync_QuandoSucesso_DeveRetornarResponseSemErros" computerName="DESKTOP-087JQB2" duration="00:00:00.0088153" startTime="2026-05-03T21:40:00.2593454-03:00" endTime="2026-05-03T21:40:00.2593454-03:00" testType="13cdc9d9-ddb5-4fa4-a97d-d965ccfc6d4b" outcome="Passed" testListId="8c84fa94-04c1-424b-9868-57a2d4851a1d" relativeResultsDirectory="30813e59-6378-4ee9-a15a-9afab2d34d95" />
    <UnitTestResult executionId="21d7b1ab-60ac-4a9b-b8b0-dc3925987827" testId="70d3b8d7-37e1-8e66-ee20-044f3d4987f3" testName="MechanicLtda.Application.Tests.ItemOrdemServicoAppServiceTests.AdicionarAsync_QuandoOSNaoEncontrada_DeveRetornarResponseComErro" computerName="DESKTOP-087JQB2" duration="00:00:00.0045754" startTime="2026-05-03T21:40:00.2505090-03:00" endTime="2026-05-03T21:40:00.2505090-03:00" testType="13cdc9d9-ddb5-4fa4-a97d-d965ccfc6d4b" outcome="Passed" testListId="8c84fa94-04c1-424b-9868-57a2d4851a1d" relativeResultsDirectory="21d7b1ab-60ac-4a9b-b8b0-dc3925987827" />
    <UnitTestResult executionId="5394d35c-8be0-4710-bd8d-351ab72208f9" testId="b9912cbd-4c15-df5a-3e36-63ff1006ef36" testName="MechanicLtda.Application.Tests.OrcamentoAppServiceTests.RemoverAsync_QuandoSucesso_DeveRetornarResponseSemErros" computerName="DESKTOP-087JQB2" duration="00:00:00.0022311" startTime="2026-05-03T21:40:00.2564685-03:00" endTime="2026-05-03T21:40:00.2564686-03:00" testType="13cdc9d9-ddb5-4fa4-a97d-d965ccfc6d4b" outcome="Passed" testListId="8c84fa94-04c1-424b-9868-57a2d4851a1d" relativeResultsDirectory="5394d35c-8be0-4710-bd8d-351ab72208f9" />
    <UnitTestResult executionId="eae1736b-4a6b-4720-a330-470812b37300" testId="c85cba72-6aa7-412e-977d-023fb6926b5c" testName="MechanicLtda.Application.Tests.OrdemServicoAppServiceTests.IniciarDiagnosticoAsync_QuandoIdInvalido_DeveRetornarResponseComErro" computerName="DESKTOP-087JQB2" duration="00:00:00.0004008" startTime="2026-05-03T21:40:00.2691450-03:00" endTime="2026-05-03T21:40:00.2691450-03:00" testType="13cdc9d9-ddb5-4fa4-a97d-d965ccfc6d4b" outcome="Passed" testListId="8c84fa94-04c1-424b-9868-57a2d4851a1d" relativeResultsDirectory="eae1736b-4a6b-4720-a330-470812b37300" />
    <UnitTestResult executionId="2f212e21-fb51-4f69-80af-d8cc63d53c0b" testId="527222ce-3502-06d9-0812-839c23888f6c" testName="MechanicLtda.Application.Tests.VeiculoAppServiceTests.AdicionarAsync_PlacaMercosul_DevePropagarCorretamenteParaOServico" computerName="DESKTOP-087JQB2" duration="00:00:00.0014630" startTime="2026-05-03T21:40:00.2609180-03:00" endTime="2026-05-03T21:40:00.2609181-03:00" testType="13cdc9d9-ddb5-4fa4-a97d-d965ccfc6d4b" outcome="Passed" testListId="8c84fa94-04c1-424b-9868-57a2d4851a1d" relativeResultsDirectory="2f212e21-fb51-4f69-80af-d8cc63d53c0b" />
    <UnitTestResult executionId="3e7c24ec-ea1c-430b-8a7c-30e54035f70c" testId="bf25ed15-bfc1-4b7e-c310-029e31fcc7dd" testName="MechanicLtda.Application.Tests.OrdemServicoAppServiceTests.EntregarAsync_QuandoIdInvalido_DeveRetornarResponseComErro" computerName="DESKTOP-087JQB2" duration="00:00:00.0020324" startTime="2026-05-03T21:40:00.2560858-03:00" endTime="2026-05-03T21:40:00.2560859-03:00" testType="13cdc9d9-ddb5-4fa4-a97d-d965ccfc6d4b" outcome="Passed" testListId="8c84fa94-04c1-424b-9868-57a2d4851a1d" relativeResultsDirectory="3e7c24ec-ea1c-430b-8a7c-30e54035f70c" />
    <UnitTestResult executionId="4f846930-0434-4674-bcf1-24258cb8d6ce" testId="62f0f5cb-75d1-127d-6229-c9de5e3b9623" testName="MechanicLtda.Application.Tests.ItemOrdemServicoAppServiceTests.RemoverAsync_QuandoServicoLancaExcecaoGenerica_DeveRetornarResponseComErro" computerName="DESKTOP-087JQB2" duration="00:00:00.0006971" startTime="2026-05-03T21:40:00.2574769-03:00" endTime="2026-05-03T21:40:00.2574770-03:00" testType="13cdc9d9-ddb5-4fa4-a97d-d965ccfc6d4b" outcome="Passed" testListId="8c84fa94-04c1-424b-9868-57a2d4851a1d" relativeResultsDirectory="4f846930-0434-4674-bcf1-24258cb8d6ce" />
    <UnitTestResult executionId="9aa082f4-7406-4647-9177-f649d9216103" testId="72443b70-a80b-50e0-8a57-ed3f53e1b301" testName="MechanicLtda.Application.Tests.EstoqueAppServiceTests.RemoverAsync_QuandoEstoqueNaoEncontrado_DeveRetornarResponseComErro" computerName="DESKTOP-087JQB2" duration="00:00:00.0003114" startTime="2026-05-03T21:40:00.2645877-03:00" endTime="2026-05-03T21:40:00.2645877-03:00" testType="13cdc9d9-ddb5-4fa4-a97d-d965ccfc6d4b" outcome="Passed" testListId="8c84fa94-04c1-424b-9868-57a2d4851a1d" relativeResultsDirectory="9aa082f4-7406-4647-9177-f649d9216103" />
    <UnitTestResult executionId="fc4817e1-f734-4826-886c-6fcd8348e903" testId="1275ed59-c9aa-29a0-be20-f5254a89598b" testName="MechanicLtda.Application.Tests.OrdemServicoAppServiceTests.AguardarAprovacaoAsync_QuandoStatusInvalido_DeveRetornarResponseComErro" computerName="DESKTOP-087JQB2" duration="00:00:00.0433521" startTime="2026-05-03T21:40:00.2139502-03:00" endTime="2026-05-03T21:40:00.2139711-03:00" testType="13cdc9d9-ddb5-4fa4-a97d-d965ccfc6d4b" outcome="Passed" testListId="8c84fa94-04c1-424b-9868-57a2d4851a1d" relativeResultsDirectory="fc4817e1-f734-4826-886c-6fcd8348e903" />
    <UnitTestResult executionId="d618220e-959b-4e2e-8d90-1248fbf4b404" testId="5a1bf173-0672-229f-71c8-948d035da843" testName="MechanicLtda.Application.Tests.AuthAppServiceTests.AlterarSenhaAsync_QuandoUsuarioInativo_DeveRetornarResponseComErro" computerName="DESKTOP-087JQB2" duration="00:00:00.0009276" startTime="2026-05-03T21:40:00.2729788-03:00" endTime="2026-05-03T21:40:00.2729789-03:00" testType="13cdc9d9-ddb5-4fa4-a97d-d965ccfc6d4b" outcome="Passed" testListId="8c84fa94-04c1-424b-9868-57a2d4851a1d" relativeResultsDirectory="d618220e-959b-4e2e-8d90-1248fbf4b404" />
    <UnitTestResult executionId="78a4fda2-46d0-49e5-b18a-465186f6a530" testId="0b37bacb-b7e3-d926-e38f-c76e590919ad" testName="MechanicLtda.Application.Tests.OrdemServicoAppServiceTests.IniciarExecucaoAsync_QuandoIdInvalido_DeveRetornarResponseComErro" computerName="DESKTOP-087JQB2" duration="00:00:00.0009540" startTime="2026-05-03T21:40:00.2576425-03:00" endTime="2026-05-03T21:40:00.2576425-03:00" testType="13cdc9d9-ddb5-4fa4-a97d-d965ccfc6d4b" outcome="Passed" testListId="8c84fa94-04c1-424b-9868-57a2d4851a1d" relativeResultsDirectory="78a4fda2-46d0-49e5-b18a-465186f6a530" />
    <UnitTestResult executionId="b1ee030a-a263-4640-bc76-16f821b71828" testId="daab2abd-3264-2dea-80c9-f6c90f73eefa" testName="MechanicLtda.Application.Tests.EstoqueAppServiceTests.ObterPorTipoAsync_QuandoSucesso_DeveRetornarApenasDoTipoSolicitado" computerName="DESKTOP-087JQB2" duration="00:00:00.0039798" startTime="2026-05-03T21:40:00.2546984-03:00" endTime="2026-05-03T21:40:00.2546984-03:00" testType="13cdc9d9-ddb5-4fa4-a97d-d965ccfc6d4b" outcome="Passed" testListId="8c84fa94-04c1-424b-9868-57a2d4851a1d" relativeResultsDirectory="b1ee030a-a263-4640-bc76-16f821b71828" />
    <UnitTestResult executionId="8d3313e9-96e7-450a-8f9c-59f458ba3e48" testId="44e9f1bd-02e9-77c5-3578-8f8af682fe58" testName="MechanicLtda.Application.Tests.AuthAppServiceTests.LoginAsync_QuandoExcecaoLancada_DeveRetornarResponseComErro" computerName="DESKTOP-087JQB2" duration="00:00:00.0005557" startTime="2026-05-03T21:40:00.2724508-03:00" endTime="2026-05-03T21:40:00.2724508-03:00" testType="13cdc9d9-ddb5-4fa4-a97d-d965ccfc6d4b" outcome="Passed" testListId="8c84fa94-04c1-424b-9868-57a2d4851a1d" relativeResultsDirectory="8d3313e9-96e7-450a-8f9c-59f458ba3e48" />
    <UnitTestResult executionId="e247938f-2d89-4099-b188-d705fe502bd1" testId="9c976a97-38df-875a-8732-f14fa1ca7345" testName="MechanicLtda.Application.Tests.ClienteAppServiceTests.ObterTodosAsync_QuandoServicoLancaExcecao_DeveRetornarResponseComErro" computerName="DESKTOP-087JQB2" duration="00:00:00.0006487" startTime="2026-05-03T21:40:00.2605712-03:00" endTime="2026-05-03T21:40:00.2605712-03:00" testType="13cdc9d9-ddb5-4fa4-a97d-d965ccfc6d4b" outcome="Passed" testListId="8c84fa94-04c1-424b-9868-57a2d4851a1d" relativeResultsDirectory="e247938f-2d89-4099-b188-d705fe502bd1" />
    <UnitTestResult executionId="817030d3-fc92-4c4f-98e6-bde30b3ae314" testId="724a9bcb-f935-e573-56d5-2f53021306fe" testName="MechanicLtda.Application.Tests.VeiculoAppServiceTests.AtualizarAsync_QuandoSucesso_DeveRetornarResponseSemErros" computerName="DESKTOP-087JQB2" duration="00:00:00.0027726" startTime="2026-05-03T21:40:00.2559372-03:00" endTime="2026-05-03T21:40:00.2559372-03:00" testType="13cdc9d9-ddb5-4fa4-a97d-d965ccfc6d4b" outcome="Passed" testListId="8c84fa94-04c1-424b-9868-57a2d4851a1d" relativeResultsDirectory="817030d3-fc92-4c4f-98e6-bde30b3ae314" />
    <UnitTestResult executionId="bbd244af-9a93-453e-9f37-26f885d38876" testId="63d0502c-d133-18eb-58f7-460027b7853d" testName="MechanicLtda.Application.Tests.EstoqueAppServiceTests.AdicionarAsync_QuandoServicoLancaExcecao_DeveRetornarResponseComErro" computerName="DESKTOP-087JQB2" duration="00:00:00.0006474" startTime="2026-05-03T21:40:00.2655016-03:00" endTime="2026-05-03T21:40:00.2655017-03:00" testType="13cdc9d9-ddb5-4fa4-a97d-d965ccfc6d4b" outcome="Passed" testListId="8c84fa94-04c1-424b-9868-57a2d4851a1d" relativeResultsDirectory="bbd244af-9a93-453e-9f37-26f885d38876" />
    <UnitTestResult executionId="7165c4ad-6c1f-48c5-803f-4f49aa221e61" testId="c5b32a4c-0d88-510d-d9d0-6dfcab9baf2b" testName="MechanicLtda.Application.Tests.VeiculoAppServiceTests.AdicionarAsync_QuandoPlacaJaCadastrada_DeveRetornarResponseComErro" computerName="DESKTOP-087JQB2" duration="00:00:00.0009269" startTime="2026-05-03T21:40:00.2540864-03:00" endTime="2026-05-03T21:40:00.2540865-03:00" testType="13cdc9d9-ddb5-4fa4-a97d-d965ccfc6d4b" outcome="Passed" testListId="8c84fa94-04c1-424b-9868-57a2d4851a1d" relativeResultsDirectory="7165c4ad-6c1f-48c5-803f-4f49aa221e61" />
    <UnitTestResult executionId="4c97afb9-6d01-4137-88cb-9ed776f3d212" testId="d148c599-143c-fac2-6242-c511cf695241" testName="MechanicLtda.Application.Tests.VeiculoAppServiceTests.AtualizarAsync_DevePropagarPlacaAtualizadaParaOServico" computerName="DESKTOP-087JQB2" duration="00:00:00.0011245" startTime="2026-05-03T21:40:00.2623777-03:00" endTime="2026-05-03T21:40:00.2623777-03:00" testType="13cdc9d9-ddb5-4fa4-a97d-d965ccfc6d4b" outcome="Passed" testListId="8c84fa94-04c1-424b-9868-57a2d4851a1d" relativeResultsDirectory="4c97afb9-6d01-4137-88cb-9ed776f3d212" />
    <UnitTestResult executionId="7c182031-1134-40d5-8078-a505ac74b11a" testId="cbe8bcdf-bb5d-5654-304a-f072568df4ba" testName="MechanicLtda.Application.Tests.EstoqueAppServiceTests.ReporQuantidadeAsync_QuandoEstoqueNaoEncontrado_DeveRetornarResponseComErro" computerName="DESKTOP-087JQB2" duration="00:00:00.0015467" startTime="2026-05-03T21:40:00.2568635-03:00" endTime="2026-05-03T21:40:00.2568636-03:00" testType="13cdc9d9-ddb5-4fa4-a97d-d965ccfc6d4b" outcome="Passed" testListId="8c84fa94-04c1-424b-9868-57a2d4851a1d" relativeResultsDirectory="7c182031-1134-40d5-8078-a505ac74b11a" />
    <UnitTestResult executionId="370d6fc5-44ed-4945-9fe4-cb048a53a66f" testId="a6335b2f-4f05-6ce5-0ee2-da705f1d04a2" testName="MechanicLtda.Application.Tests.ClienteAppServiceTests.AtualizarAsync_QuandoSucesso_DeveRetornarResponseSemErros" computerName="DESKTOP-087JQB2" duration="00:00:00.0015094" startTime="2026-05-03T21:40:00.2647301-03:00" endTime="2026-05-03T21:40:00.2647301-03:00" testType="13cdc9d9-ddb5-4fa4-a97d-d965ccfc6d4b" outcome="Passed" testListId="8c84fa94-04c1-424b-9868-57a2d4851a1d" relativeResultsDirectory="370d6fc5-44ed-4945-9fe4-cb048a53a66f" />
  </Results>
  <TestDefinitions>
    <UnitTest name="MechanicLtda.Application.Tests.ItemOrdemServicoAppServiceTests.AtualizarAsync_QuandoSucesso_DeveRetornarResponseSemErros" storage="c:\users\siza\source\repos\mechanicltda\tests\mechanicltda.application.tests\bin\release\net9.0\mechanicltda.application.tests.dll" id="fd9493a3-d8ba-f7b4-9279-39cbafd0407a">
      <Execution id="00bf79fd-8b4f-404e-bad5-f947c17092c0" />
      <TestMethod codeBase="C:\Users\Siza\source\repos\MechanicLtda\tests\MechanicLtda.Application.Tests\bin\Release\net9.0\MechanicLtda.Application.Tests.dll" adapterTypeName="executor://xunit/VsTestRunner2/netcoreapp" className="MechanicLtda.Application.Tests.ItemOrdemServicoAppServiceTests" name="AtualizarAsync_QuandoSucesso_DeveRetornarResponseSemErros" />
    </UnitTest>
[...]
    <TestEntry testId="1daf9dda-ca63-d107-77e0-f60aba437209" executionId="cc0b8296-1b1e-40c8-a034-69b87e7aec8d" testListId="8c84fa94-04c1-424b-9868-57a2d4851a1d" />
    <TestEntry testId="4f09a4e8-383a-1c04-40ba-7028a5b42e9c" executionId="7ee2f8e8-0fd7-46d5-9fa6-b7bb73a9524e" testListId="8c84fa94-04c1-424b-9868-57a2d4851a1d" />
    <TestEntry testId="4442d789-86b1-e529-0dc7-0a3608f0dc72" executionId="9976162c-6da0-4dd9-a0db-6d754a990d69" testListId="8c84fa94-04c1-424b-9868-57a2d4851a1d" />
    <TestEntry testId="ec1f7caa-2a7f-2ba7-ef4a-c7fa15e8999a" executionId="ed90b886-1f76-471f-aa40-138d608bc3b5" testListId="8c84fa94-04c1-424b-9868-57a2d4851a1d" />
    <TestEntry testId="47c0401e-d1ba-b4e6-0605-d761269f9d48" executionId="b732760a-d3dd-4d7c-af75-bba87e748ba4" testListId="8c84fa94-04c1-424b-9868-57a2d4851a1d" />
    <TestEntry testId="6b62625b-823d-0113-9310-f0642056f448" executionId="d02b4001-bfe3-4bea-b02e-cfaf050097c3" testListId="8c84fa94-04c1-424b-9868-57a2d4851a1d" />
    <TestEntry testId="86520e3b-cecd-2327-2290-b992425fd303" executionId="38770916-4cf3-4fbb-a9de-8e2757fab4c3" testListId="8c84fa94-04c1-424b-9868-57a2d4851a1d" />
    <TestEntry testId="784737c9-a87c-7b84-f83d-d1f2199c2316" executionId="3d182db6-962b-4036-9d1f-5689861de9bc" testListId="8c84fa94-04c1-424b-9868-57a2d4851a1d" />
    <TestEntry testId="4ffb62b8-d498-73ec-40ee-c9bcbab7fc93" executionId="afe55cb4-cc8b-4605-8d7b-18b7abc61b75" testListId="8c84fa94-04c1-424b-9868-57a2d4851a1d" />
    <TestEntry testId="c90dd01d-5a48-c9ef-cafc-ee74f350007e" executionId="32f9f363-6992-434f-80a0-193478786c7e" testListId="8c84fa94-04c1-424b-9868-57a2d4851a1d" />
    <TestEntry testId="30a09b28-dc8a-f3c9-961a-eb4e06e3840a" executionId="485d5587-9171-49dd-bda0-03af0f5aa0da" testListId="8c84fa94-04c1-424b-9868-57a2d4851a1d" />
    <TestEntry testId="b36a3458-75e4-b159-33d4-b4f4ed21a181" executionId="0b3cfa2b-be6e-415a-8158-5d03a3f1e756" testListId="8c84fa94-04c1-424b-9868-57a2d4851a1d" />
    <TestEntry testId="8406f5aa-b0a6-14fa-ef7b-ae512818220e" executionId="7c72103e-4f71-45db-b622-ab4c0c515ed8" testListId="8c84fa94-04c1-424b-9868-57a2d4851a1d" />
    <TestEntry testId="8249874d-6006-53ec-0717-eafd08e2135e" executionId="70e147fe-c026-44cb-8a0a-879267bc7d7d" testListId="8c84fa94-04c1-424b-9868-57a2d4851a1d" />
    <TestEntry testId="3c148689-8558-18af-f4b5-8c2eab0fd125" executionId="e34ca238-5bbf-4ba7-9e1d-d3709851dc6e" testListId="8c84fa94-04c1-424b-9868-57a2d4851a1d" />
    <TestEntry testId="579c961d-4d60-6e48-e3b0-2ce51b49818f" executionId="bfc8d953-9215-4e50-8372-3315397bc2d9" testListId="8c84fa94-04c1-424b-9868-57a2d4851a1d" />
    <TestEntry testId="01313986-3cf5-3549-d1eb-1eb36c3222a8" executionId="a66e0c0e-f6bf-4caf-8de5-6d1e707e8d5b" testListId="8c84fa94-04c1-424b-9868-57a2d4851a1d" />
    <TestEntry testId="cd9cab93-87c2-745a-4c48-853bbc08fb05" executionId="d0ec5571-00b5-47e5-8675-101aece74bd2" testListId="8c84fa94-04c1-424b-9868-57a2d4851a1d" />
    <TestEntry testId="2e69fa1f-c4df-9b1b-1ef4-8e9948973e9c" executionId="d4b6bdbd-8f1a-4444-8ab0-9c7c6246eb74" testListId="8c84fa94-04c1-424b-9868-57a2d4851a1d" />
    <TestEntry testId="b6c3356c-6f84-71a7-31c6-bb1743fd7175" executionId="ea8dbda6-baba-44cd-8ae1-40355a327814" testListId="8c84fa94-04c1-424b-9868-57a2d4851a1d" />
    <TestEntry testId="15d9d5d0-30cd-c975-0dd4-48a6ca34cc7f" executionId="c25d3f93-8205-4fde-816b-e9bd49e8724e" testListId="8c84fa94-04c1-424b-9868-57a2d4851a1d" />
    <TestEntry testId="33316c94-d8f0-48dd-8ff3-2c8f505b4079" executionId="f703d9ad-6d21-43de-97a8-d3dde5a49b5c" testListId="8c84fa94-04c1-424b-9868-57a2d4851a1d" />
    <TestEntry testId="ac20d4ad-721d-9d37-e2a5-5a2ff2519ee8" executionId="3b67d448-b07a-4da3-9d0d-20edb0f7d8e7" testListId="8c84fa94-04c1-424b-9868-57a2d4851a1d" />
    <TestEntry testId="2da246af-fc5f-2e6a-f13a-2c4d293ca82f" executionId="4ea83abe-6a6e-4e53-ae48-8818600d4125" testListId="8c84fa94-04c1-424b-9868-57a2d4851a1d" />
    <TestEntry testId="9701688d-21e5-8996-14e4-6aa4688b0df8" executionId="3752435b-e133-4bbb-a3c4-1ea928e56ed1" testListId="8c84fa94-04c1-424b-9868-57a2d4851a1d" />
    <TestEntry testId="e708fba4-5a6b-e7c1-eabc-39f181efdd62" executionId="14c32cef-4c01-4631-b276-10ec4e155165" testListId="8c84fa94-04c1-424b-9868-57a2d4851a1d" />
    <TestEntry testId="80d36071-d11d-4540-1374-0b94451c6e6b" executionId="ed4c3a9d-5ba0-43e5-919e-54ccc54a8e99" testListId="8c84fa94-04c1-424b-9868-57a2d4851a1d" />
    <TestEntry testId="2f2b615d-8718-7995-d28e-eef8af493e1b" executionId="01608c70-2ff6-4e0f-a9e5-3a25c32224f0" testListId="8c84fa94-04c1-424b-9868-57a2d4851a1d" />
    <TestEntry testId="d7bf99ff-5bf9-6bd7-4cb5-0ac95d9c0a28" executionId="1e2eb6cc-59dc-4f97-bf2a-781765a9432c" testListId="8c84fa94-04c1-424b-9868-57a2d4851a1d" />
    <TestEntry testId="d9af4f88-f092-c8be-c258-81f8714015ff" executionId="a3546de0-64d6-4050-a2e0-c8bb0d6f536d" testListId="8c84fa94-04c1-424b-9868-57a2d4851a1d" />
    <TestEntry testId="6d95dcff-b338-7743-a01f-b7c2877beb5b" executionId="a379caf3-da8d-42fa-bb9d-5c65e9f9e377" testListId="8c84fa94-04c1-424b-9868-57a2d4851a1d" />
    <TestEntry testId="b3786cb5-67e3-f49b-dd48-662d7ec10664" executionId="870f31e2-9a7b-479f-bc4e-3f852c802004" testListId="8c84fa94-04c1-424b-9868-57a2d4851a1d" />
    <TestEntry testId="436b9459-fcad-61ae-2064-cc49d7ef4d9e" executionId="da1aed5f-a9bd-4744-85cb-fd350c7733e0" testListId="8c84fa94-04c1-424b-9868-57a2d4851a1d" />
    <TestEntry testId="71d28799-e8ed-b2f6-f033-3cf9df047aa9" executionId="4ca645c6-de68-475d-8949-3d8669f9f2a9" testListId="8c84fa94-04c1-424b-9868-57a2d4851a1d" />
    <TestEntry testId="e5e7b9aa-bf91-184d-7d40-1cea165260bf" executionId="3c73254f-d85c-4cc8-b54b-fa6b71bb643d" testListId="8c84fa94-04c1-424b-9868-57a2d4851a1d" />
    <TestEntry testId="0e28e504-2f34-c0a6-51ab-cfa0cb6b5249" executionId="13ab3a87-8860-473b-b5bf-02f9a7d75182" testListId="8c84fa94-04c1-424b-9868-57a2d4851a1d" />
    <TestEntry testId="b349a9e0-a994-89b3-0e95-421da84569ee" executionId="ae3d0fad-203e-46f9-a4c8-832fdf75dfb5" testListId="8c84fa94-04c1-424b-9868-57a2d4851a1d" />
    <TestEntry testId="d5600c0c-5f1e-8e6f-0f1d-a7fe848b3beb" executionId="11a54a81-f4ef-4721-a185-dc9e253086e2" testListId="8c84fa94-04c1-424b-9868-57a2d4851a1d" />
    <TestEntry testId="c68a7681-4d99-02a0-cacb-e66a698c0bd1" executionId="67a37c97-e764-4d53-8d4c-74ffe806dbbe" testListId="8c84fa94-04c1-424b-9868-57a2d4851a1d" />
    <TestEntry testId="c797f2b1-2ffc-cfb7-abbc-04c35b8b85df" executionId="53fbf484-eda3-44a5-9f27-924d0bb3cd23" testListId="8c84fa94-04c1-424b-9868-57a2d4851a1d" />
    <TestEntry testId="bfd1913c-bc6b-753e-966d-64894cf76119" executionId="e92819d8-46bc-4e35-b4bb-da4b4947362a" testListId="8c84fa94-04c1-424b-9868-57a2d4851a1d" />
    <TestEntry testId="fa0dd275-2b82-2d5b-2dfa-d4cdc4adc305" executionId="6082a0b7-986e-4857-9565-50004bffaa31" testListId="8c84fa94-04c1-424b-9868-57a2d4851a1d" />
    <TestEntry testId="ac2ce631-049b-aac6-5fab-6d700388a33f" executionId="e1c0962a-f53e-41b4-bc38-57f0b8442928" testListId="8c84fa94-04c1-424b-9868-57a2d4851a1d" />
    <TestEntry testId="590b65a0-05cb-b4a1-e77f-4e1a7f6fca86" executionId="e6409489-d3b1-4a12-8865-4ce968de39de" testListId="8c84fa94-04c1-424b-9868-57a2d4851a1d" />
    <TestEntry testId="f28e5d29-4eef-279e-c206-cf3d88b7bb96" executionId="ff04904e-42e4-4e28-9786-cc1538fbca7d" testListId="8c84fa94-04c1-424b-9868-57a2d4851a1d" />
    <TestEntry testId="6879fd41-d411-0999-52e9-dd9885bff10f" executionId="b4201cfc-0ad4-4ba2-a5df-709f5b874207" testListId="8c84fa94-04c1-424b-9868-57a2d4851a1d" />
    <TestEntry testId="639b18a2-75e8-1d24-0f7e-dac46f205eb0" executionId="b0ec3f6a-4755-4285-b985-4ac4b253a24e" testListId="8c84fa94-04c1-424b-9868-57a2d4851a1d" />
    <TestEntry testId="f453fc42-f874-0377-33ea-7ea526ddc3df" executionId="be3d7ff3-a1a4-48e5-ae95-57e1982dc171" testListId="8c84fa94-04c1-424b-9868-57a2d4851a1d" />
    <TestEntry testId="f38024ce-b74e-70f6-813e-c4cd8a1d98f8" executionId="e45f1f91-64ee-4ffa-b49f-1b6304a067d2" testListId="8c84fa94-04c1-424b-9868-57a2d4851a1d" />
    <TestEntry testId="414d4716-c10b-3f56-dcf5-3e20e5147b3a" executionId="c4fed1eb-9a3a-45f5-af3f-3ecf12e594c4" testListId="8c84fa94-04c1-424b-9868-57a2d4851a1d" />
    <TestEntry testId="2763f06a-ba7e-09ae-f2fc-cc833a95b1a5" executionId="9041b09f-1420-47c8-9891-8d7649ad3f3e" testListId="8c84fa94-04c1-424b-9868-57a2d4851a1d" />
    <TestEntry testId="fd05eb1e-ed18-92fd-b069-08521a1775b8" executionId="6da5d801-e469-4854-8aec-4a71c5a0e5cd" testListId="8c84fa94-04c1-424b-9868-57a2d4851a1d" />
    <TestEntry testId="69be035a-bdb4-d763-6d3a-1f260a46b58f" executionId="9dfcb3ed-32c7-4cee-baf8-c0c8f3f696ae" testListId="8c84fa94-04c1-424b-9868-57a2d4851a1d" />
    <TestEntry testId="a7fcf35c-5891-0172-46d3-ef1607027e7a" executionId="ab08aa86-92a9-45ad-bed8-3160eaf47637" testListId="8c84fa94-04c1-424b-9868-57a2d4851a1d" />
    <TestEntry testId="d5d3d4c2-3279-0ba6-0049-aff37eca05ec" executionId="f3a45b73-2e90-4ab3-b76d-4517f38dd111" testListId="8c84fa94-04c1-424b-9868-57a2d4851a1d" />
    <TestEntry testId="8456e14c-7f05-dca1-7c57-95a851833a21" executionId="913c3688-8f1a-4472-845e-a9f3af985642" testListId="8c84fa94-04c1-424b-9868-57a2d4851a1d" />
    <TestEntry testId="b4dd6795-6cfd-bd86-034f-b400766180a2" executionId="c8f41564-d2e7-45ad-8abb-75ccd34be883" testListId="8c84fa94-04c1-424b-9868-57a2d4851a1d" />
    <TestEntry testId="7c66203a-f361-f8e4-e685-b57bc9353dd5" executionId="13f8ce13-bff0-4a4f-962e-ae87523b1304" testListId="8c84fa94-04c1-424b-9868-57a2d4851a1d" />
    <TestEntry testId="32d1f85a-ea60-d8a0-0e4f-77db802d4155" executionId="9d195fa0-b12c-40ae-b8eb-7a69b99a63a2" testListId="8c84fa94-04c1-424b-9868-57a2d4851a1d" />
    <TestEntry testId="c3e23f9d-2549-6c7d-24a0-c0b19bdd6ba4" executionId="659d4b13-97c1-4cc0-b587-8a194a6152b8" testListId="8c84fa94-04c1-424b-9868-57a2d4851a1d" />
    <TestEntry testId="74473612-faf1-e90f-e893-8bf9d6afc7f3" executionId="c2239d01-19dd-45f3-b6cb-58ab6c446ad5" testListId="8c84fa94-04c1-424b-9868-57a2d4851a1d" />
    <TestEntry testId="15650bd3-01fc-e2ec-4e23-2b981c924ebd" executionId="43408bd0-c6c4-4ba0-be11-e666a150ce92" testListId="8c84fa94-04c1-424b-9868-57a2d4851a1d" />
    <TestEntry testId="1b5e71c2-7fbc-010f-cece-5ca40e4cff2b" executionId="100df0a1-8e51-44fa-bbc2-0f59e784ef0b" testListId="8c84fa94-04c1-424b-9868-57a2d4851a1d" />
    <TestEntry testId="93889ad8-ad43-9622-cb65-1d44b7618c22" executionId="47f5ae55-4ae1-4544-a3d2-fc24f7fdb105" testListId="8c84fa94-04c1-424b-9868-57a2d4851a1d" />
    <TestEntry testId="b5bec159-ed58-61eb-b925-26513318c377" executionId="d6776c31-709f-44ed-bb20-c8f333f7eb81" testListId="8c84fa94-04c1-424b-9868-57a2d4851a1d" />
    <TestEntry testId="121e81a5-93f6-c2a9-b772-e321fcc40941" executionId="31486756-c03b-42e3-8ff5-4764f7b7bdf9" testListId="8c84fa94-04c1-424b-9868-57a2d4851a1d" />
    <TestEntry testId="1d794a75-3e7b-a06e-9b89-963ee726c248" executionId="60662c44-562f-4b22-8863-d0f741c9c317" testListId="8c84fa94-04c1-424b-9868-57a2d4851a1d" />
    <TestEntry testId="15ab6aa3-0222-2f98-b828-7685b019e45f" executionId="dc203c51-64be-48d9-b420-1ed46f0f103f" testListId="8c84fa94-04c1-424b-9868-57a2d4851a1d" />
    <TestEntry testId="50a75b11-6a0b-f2fa-1c49-7fc9583215fb" executionId="b2339727-bb09-4f22-98dd-ec00bcc1af76" testListId="8c84fa94-04c1-424b-9868-57a2d4851a1d" />
    <TestEntry testId="35570e7b-dceb-2a3b-c73c-647675af3f5e" executionId="6eb59598-d181-4890-9ee4-d9e4804b4ea4" testListId="8c84fa94-04c1-424b-9868-57a2d4851a1d" />
    <TestEntry testId="37d41746-579a-b954-195c-33aa0e543b7a" executionId="13a5f337-1070-4feb-ab3e-93df547c8fc8" testListId="8c84fa94-04c1-424b-9868-57a2d4851a1d" />
    <TestEntry testId="de74ed74-4e6f-0668-2314-398525a81e96" executionId="a5713f61-89c9-4695-8b25-a1f527552645" testListId="8c84fa94-04c1-424b-9868-57a2d4851a1d" />
    <TestEntry testId="12503620-1fe1-0046-4bd6-aa6ac884e274" executionId="119c78db-7a20-47d8-a46c-902d2cca7a3a" testListId="8c84fa94-04c1-424b-9868-57a2d4851a1d" />
    <TestEntry testId="b8268fd8-8a8b-103e-22d4-5036ba471aff" executionId="90a8eb49-da29-43f9-9254-9677b1697c5e" testListId="8c84fa94-04c1-424b-9868-57a2d4851a1d" />
    <TestEntry testId="30e8cac2-148d-df78-568c-e03f669c1241" executionId="1d0f7534-4dcc-49e3-b4df-d0c7c98d1b3d" testListId="8c84fa94-04c1-424b-9868-57a2d4851a1d" />
    <TestEntry testId="7c3f04fa-bd1d-9ca1-1922-c64ddd50f614" executionId="e011589e-84cc-4deb-b792-1a78622d3f1e" testListId="8c84fa94-04c1-424b-9868-57a2d4851a1d" />
    <TestEntry testId="c9aacb76-e1f1-6b7d-a8ff-ef963e588d7c" executionId="a3a37f05-9184-4534-8d66-4297768a5a0f" testListId="8c84fa94-04c1-424b-9868-57a2d4851a1d" />
    <TestEntry testId="b9be886a-8737-7896-d7ec-1ffbddee76f0" executionId="600cc290-7760-4357-b434-8dec1e53a1f6" testListId="8c84fa94-04c1-424b-9868-57a2d4851a1d" />
    <TestEntry testId="a7ac6dd3-25a7-2a89-4b6a-ad8d83b6f644" executionId="4214fad8-31dc-4898-9f62-f19134644723" testListId="8c84fa94-04c1-424b-9868-57a2d4851a1d" />
    <TestEntry testId="51afc828-5aab-0d7b-acf5-584f8385bcbd" executionId="2fcf2732-c084-4dfd-b4ce-3db34366dd8c" testListId="8c84fa94-04c1-424b-9868-57a2d4851a1d" />
    <TestEntry testId="203a659c-8dd5-3d22-dc7c-0c75461d4590" executionId="29cd304a-e0c8-40ea-a28d-be06239c8d6b" testListId="8c84fa94-04c1-424b-9868-57a2d4851a1d" />
    <TestEntry testId="41310004-86c0-f7bb-4961-c4759469a3a9" executionId="73b797f1-2e30-4fbf-9eac-ecc56053b996" testListId="8c84fa94-04c1-424b-9868-57a2d4851a1d" />
    <TestEntry testId="c5c66173-84a3-381c-9eeb-7e2846de61d3" executionId="30762003-cb0c-44eb-8ed4-c5a992001626" testListId="8c84fa94-04c1-424b-9868-57a2d4851a1d" />
    <TestEntry testId="39fd7ebd-f26b-de98-1070-2c8337e50a03" executionId="29a3ebcf-696d-42e1-a240-b9eaa93b56da" testListId="8c84fa94-04c1-424b-9868-57a2d4851a1d" />
    <TestEntry testId="e4581901-f175-e965-6863-8786575285f1" executionId="572642a0-f79b-4230-976d-de7a55f33ef1" testListId="8c84fa94-04c1-424b-9868-57a2d4851a1d" />
    <TestEntry testId="0758da30-a207-165f-67f2-6458d69c655d" executionId="010d37d8-5bc8-4646-b611-28bac70a4d08" testListId="8c84fa94-04c1-424b-9868-57a2d4851a1d" />
    <TestEntry testId="892349d9-6d48-f707-3978-2ec5412d2715" executionId="710c4d22-4829-4f3f-aa3a-e85b9a734916" testListId="8c84fa94-04c1-424b-9868-57a2d4851a1d" />
    <TestEntry testId="a29ad564-7b5a-8126-7b6e-a58dc6c4e613" executionId="7ecda60a-2a01-46ca-bd6b-b3af5c3aa428" testListId="8c84fa94-04c1-424b-9868-57a2d4851a1d" />
    <TestEntry testId="c8b91cee-8494-0b25-f7e9-ac93e9aaa193" executionId="0bd64810-a977-4fba-8a2a-5dc5eebd7058" testListId="8c84fa94-04c1-424b-9868-57a2d4851a1d" />
    <TestEntry testId="3e1d2261-cf62-becf-c78c-6200ba950674" executionId="0a7ba7a7-24e8-4534-acaa-abffd1de109a" testListId="8c84fa94-04c1-424b-9868-57a2d4851a1d" />
    <TestEntry testId="ed1607ae-96cc-2cdb-426c-9311af6057e1" executionId="34bb5aa6-3bc2-45af-a140-aa713f9542b1" testListId="8c84fa94-04c1-424b-9868-57a2d4851a1d" />
    <TestEntry testId="9d3d006c-585d-4858-15fa-b3e2aa500e2e" executionId="039033f8-063a-43a5-94cf-358191760393" testListId="8c84fa94-04c1-424b-9868-57a2d4851a1d" />
    <TestEntry testId="0e80905b-7db7-3122-09f9-267628885d3d" executionId="30813e59-6378-4ee9-a15a-9afab2d34d95" testListId="8c84fa94-04c1-424b-9868-57a2d4851a1d" />
    <TestEntry testId="70d3b8d7-37e1-8e66-ee20-044f3d4987f3" executionId="21d7b1ab-60ac-4a9b-b8b0-dc3925987827" testListId="8c84fa94-04c1-424b-9868-57a2d4851a1d" />
    <TestEntry testId="b9912cbd-4c15-df5a-3e36-63ff1006ef36" executionId="5394d35c-8be0-4710-bd8d-351ab72208f9" testListId="8c84fa94-04c1-424b-9868-57a2d4851a1d" />
    <TestEntry testId="c85cba72-6aa7-412e-977d-023fb6926b5c" executionId="eae1736b-4a6b-4720-a330-470812b37300" testListId="8c84fa94-04c1-424b-9868-57a2d4851a1d" />
    <TestEntry testId="527222ce-3502-06d9-0812-839c23888f6c" executionId="2f212e21-fb51-4f69-80af-d8cc63d53c0b" testListId="8c84fa94-04c1-424b-9868-57a2d4851a1d" />
    <TestEntry testId="bf25ed15-bfc1-4b7e-c310-029e31fcc7dd" executionId="3e7c24ec-ea1c-430b-8a7c-30e54035f70c" testListId="8c84fa94-04c1-424b-9868-57a2d4851a1d" />
    <TestEntry testId="62f0f5cb-75d1-127d-6229-c9de5e3b9623" executionId="4f846930-0434-4674-bcf1-24258cb8d6ce" testListId="8c84fa94-04c1-424b-9868-57a2d4851a1d" />
    <TestEntry testId="72443b70-a80b-50e0-8a57-ed3f53e1b301" executionId="9aa082f4-7406-4647-9177-f649d9216103" testListId="8c84fa94-04c1-424b-9868-57a2d4851a1d" />
    <TestEntry testId="1275ed59-c9aa-29a0-be20-f5254a89598b" executionId="fc4817e1-f734-4826-886c-6fcd8348e903" testListId="8c84fa94-04c1-424b-9868-57a2d4851a1d" />
    <TestEntry testId="5a1bf173-0672-229f-71c8-948d035da843" executionId="d618220e-959b-4e2e-8d90-1248fbf4b404" testListId="8c84fa94-04c1-424b-9868-57a2d4851a1d" />
    <TestEntry testId="0b37bacb-b7e3-d926-e38f-c76e590919ad" executionId="78a4fda2-46d0-49e5-b18a-465186f6a530" testListId="8c84fa94-04c1-424b-9868-57a2d4851a1d" />
    <TestEntry testId="daab2abd-3264-2dea-80c9-f6c90f73eefa" executionId="b1ee030a-a263-4640-bc76-16f821b71828" testListId="8c84fa94-04c1-424b-9868-57a2d4851a1d" />
    <TestEntry testId="44e9f1bd-02e9-77c5-3578-8f8af682fe58" executionId="8d3313e9-96e7-450a-8f9c-59f458ba3e48" testListId="8c84fa94-04c1-424b-9868-57a2d4851a1d" />
    <TestEntry testId="9c976a97-38df-875a-8732-f14fa1ca7345" executionId="e247938f-2d89-4099-b188-d705fe502bd1" testListId="8c84fa94-04c1-424b-9868-57a2d4851a1d" />
    <TestEntry testId="724a9bcb-f935-e573-56d5-2f53021306fe" executionId="817030d3-fc92-4c4f-98e6-bde30b3ae314" testListId="8c84fa94-04c1-424b-9868-57a2d4851a1d" />
    <TestEntry testId="63d0502c-d133-18eb-58f7-460027b7853d" executionId="bbd244af-9a93-453e-9f37-26f885d38876" testListId="8c84fa94-04c1-424b-9868-57a2d4851a1d" />
    <TestEntry testId="c5b32a4c-0d88-510d-d9d0-6dfcab9baf2b" executionId="7165c4ad-6c1f-48c5-803f-4f49aa221e61" testListId="8c84fa94-04c1-424b-9868-57a2d4851a1d" />
    <TestEntry testId="d148c599-143c-fac2-6242-c511cf695241" executionId="4c97afb9-6d01-4137-88cb-9ed776f3d212" testListId="8c84fa94-04c1-424b-9868-57a2d4851a1d" />
    <TestEntry testId="cbe8bcdf-bb5d-5654-304a-f072568df4ba" executionId="7c182031-1134-40d5-8078-a505ac74b11a" testListId="8c84fa94-04c1-424b-9868-57a2d4851a1d" />
    <TestEntry testId="a6335b2f-4f05-6ce5-0ee2-da705f1d04a2" executionId="370d6fc5-44ed-4945-9fe4-cb048a53a66f" testListId="8c84fa94-04c1-424b-9868-57a2d4851a1d" />
  </TestEntries>
  <TestLists>
    <TestList name="Results Not in a List" id="8c84fa94-04c1-424b-9868-57a2d4851a1d" />
    <TestList name="All Loaded Results" id="19431567-8539-422a-85d7-44ee4e166bda" />
  </TestLists>
  <ResultSummary outcome="Completed">
    <Counters total="135" executed="135" passed="135" failed="0" error="0" timeout="0" aborted="0" inconclusive="0" passedButRunAborted="0" notRunnable="0" notExecuted="0" disconnected="0" warning="0" completed="0" inProgress="0" pending="0" />
    <Output>
      <StdOut>[xUnit.net 00:00:00.00] xUnit.net VSTest Adapter v2.8.2+699d445a1a (64-bit .NET 9.0.15)&#xD;
[xUnit.net 00:00:00.24]   Discovering: MechanicLtda.Application.Tests&#xD;
[xUnit.net 00:00:00.26]   Discovered:  MechanicLtda.Application.Tests&#xD;
[xUnit.net 00:00:00.26]   Starting:    MechanicLtda.Application.Tests&#xD;
[xUnit.net 00:00:00.41]   Finished:    MechanicLtda.Application.Tests&#xD;
</StdOut>
    </Output>
    <CollectorDataEntries>
      <Collector agentName="DESKTOP-087JQB2" uri="datacollector://microsoft/CoverletCodeCoverage/1.0" collectorDisplayName="XPlat code coverage">
        <UriAttachments>
          <UriAttachment>
            <A href="DESKTOP-087JQB2\coverage.opencover.xml"></A>
          </UriAttachment>
        </UriAttachments>
      </Collector>
    </CollectorDataEntries>
  </ResultSummary>
</TestRun>